* Sat  4 Sep 2021 14:07:30 +0530
* Sat Sep  4 13:38:22 UTC 2021 DATA_SET
* Sat Sep  4 14:37:21 UTC 2021 DATA_SET
* Sat Sep  4 16:08:09 UTC 2021 AUTO_OCR
* Sat Sep  4 17:45:56 UTC 2021
* Sat Sep  4 17:46:43 UTC 2021 AUTO_OCR
* Sat Sep  4 19:33:23 UTC 2021
* Sat Sep  4 19:33:57 UTC 2021 AUTO_OCR
* Sat Sep  4 19:34:25 UTC 2021 POST_SCRAPE
* Sun Sep  5 00:32:45 UTC 2021 DATA_SET
* Sun Sep  5 01:07:50 UTC 2021
* Sun Sep  5 01:08:20 UTC 2021 AUTO_OCR
* Sun Sep  5 01:08:53 UTC 2021 POST_SCRAPE
* Mon Sep  6 00:33:07 UTC 2021 DATA_SET
* Mon Sep  6 01:11:15 UTC 2021
* Mon Sep  6 01:11:52 UTC 2021 AUTO_OCR
* Mon Sep  6 01:12:22 UTC 2021 POST_SCRAPE
* Mon Sep  6 02:03:42 UTC 2021
* Mon Sep  6 02:04:42 UTC 2021 AUTO_OCR
* Mon Sep  6 02:05:14 UTC 2021 POST_SCRAPE
* Tue Sep  7 00:28:36 UTC 2021 DATA_SET
* Tue Sep  7 01:02:36 UTC 2021
* Tue Sep  7 01:03:23 UTC 2021 AUTO_OCR
* Tue Sep  7 01:04:00 UTC 2021 POST_SCRAPE
* Wed Sep  8 00:29:02 UTC 2021 DATA_SET
* Wed Sep  8 01:03:16 UTC 2021
* Wed Sep  8 01:04:06 UTC 2021 AUTO_OCR
* Wed Sep  8 01:05:04 UTC 2021 POST_SCRAPE
* Thu Sep  9 00:31:38 UTC 2021 DATA_SET
* Thu Sep  9 01:08:21 UTC 2021
* Thu Sep  9 01:08:52 UTC 2021 AUTO_OCR
* Thu Sep  9 01:09:18 UTC 2021 POST_SCRAPE
* Fri Sep 10 00:33:03 UTC 2021 DATA_SET
* Fri Sep 10 01:09:02 UTC 2021
* Fri Sep 10 01:10:08 UTC 2021 AUTO_OCR
* Fri Sep 10 01:10:40 UTC 2021 POST_SCRAPE
* Sat Sep 11 00:29:34 UTC 2021 DATA_SET
* Sat Sep 11 01:04:01 UTC 2021
* Sat Sep 11 01:04:37 UTC 2021 AUTO_OCR
* Sat Sep 11 01:05:11 UTC 2021 POST_SCRAPE
* Sun Sep 12 00:32:16 UTC 2021 DATA_SET
* Sun Sep 12 01:07:11 UTC 2021
* Sun Sep 12 01:07:51 UTC 2021 AUTO_OCR
* Sun Sep 12 01:08:20 UTC 2021 POST_SCRAPE
* Mon Sep 13 00:32:49 UTC 2021 DATA_SET
* Mon Sep 13 01:07:39 UTC 2021
* Mon Sep 13 01:08:44 UTC 2021 AUTO_OCR
* Mon Sep 13 01:09:19 UTC 2021 POST_SCRAPE
* Tue Sep 14 00:31:34 UTC 2021 DATA_SET
* Tue Sep 14 01:09:05 UTC 2021
* Tue Sep 14 01:10:04 UTC 2021 AUTO_OCR
* Tue Sep 14 01:10:40 UTC 2021 POST_SCRAPE
* Wed Sep 15 00:30:42 UTC 2021 DATA_SET
* Wed Sep 15 01:05:32 UTC 2021
* Wed Sep 15 01:06:21 UTC 2021 AUTO_OCR
* Wed Sep 15 01:06:52 UTC 2021 POST_SCRAPE
* Thu Sep 16 00:31:23 UTC 2021 DATA_SET
* Thu Sep 16 01:10:03 UTC 2021
* Thu Sep 16 01:11:07 UTC 2021 AUTO_OCR
* Thu Sep 16 01:11:41 UTC 2021 POST_SCRAPE
* Fri Sep 17 00:34:20 UTC 2021 DATA_SET
* Fri Sep 17 01:13:14 UTC 2021
* Fri Sep 17 01:14:27 UTC 2021 AUTO_OCR
* Fri Sep 17 01:15:00 UTC 2021 POST_SCRAPE
* Sat Sep 18 00:28:47 UTC 2021 DATA_SET
* Sat Sep 18 01:04:59 UTC 2021
* Sat Sep 18 01:05:55 UTC 2021 AUTO_OCR
* Sat Sep 18 01:06:31 UTC 2021 POST_SCRAPE
* Sun Sep 19 00:31:33 UTC 2021 DATA_SET
* Sun Sep 19 01:07:23 UTC 2021
* Sun Sep 19 01:08:16 UTC 2021 AUTO_OCR
* Sun Sep 19 01:08:46 UTC 2021 POST_SCRAPE
* Mon Sep 20 00:34:42 UTC 2021 DATA_SET
* Mon Sep 20 01:10:17 UTC 2021
* Mon Sep 20 01:10:53 UTC 2021 AUTO_OCR
* Mon Sep 20 01:11:25 UTC 2021 POST_SCRAPE
* Tue Sep 21 00:30:27 UTC 2021 DATA_SET
* Tue Sep 21 01:07:49 UTC 2021
* Tue Sep 21 01:08:56 UTC 2021 AUTO_OCR
* Tue Sep 21 01:09:27 UTC 2021 POST_SCRAPE
* Wed Sep 22 00:31:39 UTC 2021 DATA_SET
* Wed Sep 22 01:08:46 UTC 2021
* Wed Sep 22 01:09:34 UTC 2021 AUTO_OCR
* Wed Sep 22 01:10:13 UTC 2021 POST_SCRAPE
* Thu Sep 23 00:31:56 UTC 2021 DATA_SET
* Thu Sep 23 01:11:31 UTC 2021
* Thu Sep 23 01:12:22 UTC 2021 AUTO_OCR
* Thu Sep 23 01:12:57 UTC 2021 POST_SCRAPE
* Fri Sep 24 00:30:53 UTC 2021 DATA_SET
* Fri Sep 24 01:08:48 UTC 2021
* Fri Sep 24 01:09:23 UTC 2021 AUTO_OCR
* Fri Sep 24 01:10:03 UTC 2021 POST_SCRAPE
* Sat Sep 25 00:30:32 UTC 2021 DATA_SET
* Sat Sep 25 01:05:33 UTC 2021
* Sat Sep 25 01:06:30 UTC 2021 AUTO_OCR
* Sat Sep 25 01:07:06 UTC 2021 POST_SCRAPE
* Sun Sep 26 00:33:20 UTC 2021 DATA_SET
* Sun Sep 26 01:08:42 UTC 2021
* Sun Sep 26 01:09:36 UTC 2021 AUTO_OCR
* Sun Sep 26 01:10:13 UTC 2021 POST_SCRAPE
* Sun Sep 26 03:30:10 UTC 2021 DATA_SET
* Sun Sep 26 03:32:43 UTC 2021 DATA_SET
* Sun Sep 26 03:35:03 UTC 2021 DATA_SET
* Sun Sep 26 03:36:42 UTC 2021 DATA_SET
* Sun Sep 26 03:38:55 UTC 2021 DATA_SET
* Mon Sep 27 00:30:31 UTC 2021 DATA_SET
* Mon Sep 27 01:06:42 UTC 2021
* Mon Sep 27 01:07:38 UTC 2021 AUTO_OCR
* Mon Sep 27 01:08:10 UTC 2021 POST_SCRAPE
* Tue Sep 28 00:31:42 UTC 2021 DATA_SET
* Tue Sep 28 01:07:43 UTC 2021
* Tue Sep 28 01:08:37 UTC 2021 AUTO_OCR
* Tue Sep 28 01:09:18 UTC 2021 POST_SCRAPE
* Wed Sep 29 00:30:22 UTC 2021 DATA_SET
* Wed Sep 29 01:04:31 UTC 2021
* Wed Sep 29 01:06:24 UTC 2021 AUTO_OCR
* Wed Sep 29 01:06:59 UTC 2021 POST_SCRAPE
* Thu Sep 30 00:34:18 UTC 2021 DATA_SET
* Thu Sep 30 01:13:34 UTC 2021
* Thu Sep 30 01:14:26 UTC 2021 AUTO_OCR
* Thu Sep 30 01:14:59 UTC 2021 POST_SCRAPE
* Fri Oct  1 00:34:46 UTC 2021 DATA_SET
* Fri Oct  1 01:12:06 UTC 2021
* Fri Oct  1 01:13:26 UTC 2021 AUTO_OCR
* Fri Oct  1 01:13:58 UTC 2021 POST_SCRAPE
* Sat Oct  2 00:31:22 UTC 2021 DATA_SET
* Sat Oct  2 01:06:21 UTC 2021
* Sat Oct  2 01:07:09 UTC 2021 AUTO_OCR
* Sat Oct  2 01:07:47 UTC 2021 POST_SCRAPE
* Sun Oct  3 00:34:07 UTC 2021 DATA_SET
* Sun Oct  3 01:13:36 UTC 2021
* Sun Oct  3 01:14:32 UTC 2021 AUTO_OCR
* Sun Oct  3 01:15:06 UTC 2021 POST_SCRAPE
* Mon Oct  4 02:24:05 UTC 2021 DATA_SET
* Mon Oct  4 02:31:36 UTC 2021
* Mon Oct  4 02:32:42 UTC 2021 AUTO_OCR
* Mon Oct  4 02:33:17 UTC 2021 POST_SCRAPE
* Tue Oct  5 02:19:36 UTC 2021 DATA_SET
* Tue Oct  5 02:28:40 UTC 2021
* Tue Oct  5 02:29:44 UTC 2021 AUTO_OCR
* Tue Oct  5 02:30:21 UTC 2021 POST_SCRAPE
* Wed Oct  6 02:19:24 UTC 2021 DATA_SET
* Wed Oct  6 02:28:52 UTC 2021
* Wed Oct  6 02:29:49 UTC 2021 AUTO_OCR
* Wed Oct  6 02:30:28 UTC 2021 POST_SCRAPE
* Thu Oct  7 02:23:15 UTC 2021 DATA_SET
* Thu Oct  7 02:31:22 UTC 2021
* Thu Oct  7 02:32:13 UTC 2021 AUTO_OCR
* Thu Oct  7 02:32:51 UTC 2021 POST_SCRAPE
* Fri Oct  8 02:22:35 UTC 2021 DATA_SET
* Fri Oct  8 02:30:46 UTC 2021
* Fri Oct  8 02:31:35 UTC 2021 AUTO_OCR
* Fri Oct  8 02:32:11 UTC 2021 POST_SCRAPE
* Sat Oct  9 02:18:11 UTC 2021 DATA_SET
* Sat Oct  9 02:29:23 UTC 2021
* Sat Oct  9 02:30:33 UTC 2021 AUTO_OCR
* Sat Oct  9 02:31:17 UTC 2021 POST_SCRAPE
* Sun Oct 10 02:18:45 UTC 2021 DATA_SET
* Sun Oct 10 02:28:20 UTC 2021
* Sun Oct 10 02:29:00 UTC 2021 AUTO_OCR
* Sun Oct 10 02:29:31 UTC 2021 POST_SCRAPE
* Sun Oct 10 23:34:39 UTC 2021 DATA_SET
* Mon Oct 11 02:22:23 UTC 2021 DATA_SET
* Mon Oct 11 02:30:54 UTC 2021
* Mon Oct 11 02:31:41 UTC 2021 AUTO_OCR
* Mon Oct 11 02:32:18 UTC 2021 POST_SCRAPE
* Tue Oct 12 02:21:43 UTC 2021 DATA_SET
* Tue Oct 12 02:30:16 UTC 2021
* Tue Oct 12 02:31:40 UTC 2021 AUTO_OCR
* Tue Oct 12 02:32:18 UTC 2021 POST_SCRAPE
* Wed Oct 13 02:23:16 UTC 2021 DATA_SET
* Wed Oct 13 02:31:34 UTC 2021
* Wed Oct 13 02:32:28 UTC 2021 AUTO_OCR
* Wed Oct 13 02:33:02 UTC 2021 POST_SCRAPE
* Thu Oct 14 02:19:59 UTC 2021 DATA_SET
* Thu Oct 14 02:29:18 UTC 2021
* Thu Oct 14 02:30:26 UTC 2021 AUTO_OCR
* Thu Oct 14 02:31:06 UTC 2021 POST_SCRAPE
* Fri Oct 15 02:20:50 UTC 2021 DATA_SET
* Fri Oct 15 02:30:12 UTC 2021
* Fri Oct 15 02:31:06 UTC 2021 AUTO_OCR
* Fri Oct 15 02:31:47 UTC 2021 POST_SCRAPE
* Sat Oct 16 02:26:01 UTC 2021 DATA_SET
* Sat Oct 16 02:34:54 UTC 2021
* Sat Oct 16 02:35:35 UTC 2021 AUTO_OCR
* Sat Oct 16 02:36:12 UTC 2021 POST_SCRAPE
* Sun Oct 17 02:19:11 UTC 2021 DATA_SET
* Sun Oct 17 02:29:25 UTC 2021
* Sun Oct 17 02:30:45 UTC 2021 AUTO_OCR
* Sun Oct 17 02:31:26 UTC 2021 POST_SCRAPE
* Mon Oct 18 02:25:42 UTC 2021 DATA_SET
* Mon Oct 18 02:33:54 UTC 2021
* Mon Oct 18 02:34:55 UTC 2021 AUTO_OCR
* Mon Oct 18 02:35:31 UTC 2021 POST_SCRAPE
* Tue Oct 19 02:21:32 UTC 2021 DATA_SET
* Tue Oct 19 02:31:23 UTC 2021
* Tue Oct 19 02:32:15 UTC 2021 AUTO_OCR
* Tue Oct 19 02:32:55 UTC 2021 POST_SCRAPE
* Wed Oct 20 02:22:35 UTC 2021 DATA_SET
* Wed Oct 20 02:31:26 UTC 2021
* Wed Oct 20 02:32:08 UTC 2021 AUTO_OCR
* Wed Oct 20 02:32:42 UTC 2021 POST_SCRAPE
* Thu Oct 21 02:26:42 UTC 2021 DATA_SET
* Thu Oct 21 02:34:24 UTC 2021
* Thu Oct 21 02:35:29 UTC 2021 AUTO_OCR
* Thu Oct 21 02:36:06 UTC 2021 POST_SCRAPE
* Fri Oct 22 02:26:40 UTC 2021 DATA_SET
* Fri Oct 22 02:32:48 UTC 2021
* Fri Oct 22 02:33:40 UTC 2021 AUTO_OCR
* Fri Oct 22 02:34:19 UTC 2021 POST_SCRAPE
* Sat Oct 23 02:24:31 UTC 2021 DATA_SET
* Sat Oct 23 02:33:26 UTC 2021
* Sat Oct 23 02:34:30 UTC 2021 AUTO_OCR
* Sat Oct 23 02:35:16 UTC 2021 POST_SCRAPE
* Sun Oct 24 02:19:59 UTC 2021 DATA_SET
* Sun Oct 24 02:30:01 UTC 2021
* Sun Oct 24 02:30:39 UTC 2021 AUTO_OCR
* Sun Oct 24 02:31:22 UTC 2021 POST_SCRAPE
* Mon Oct 25 02:21:03 UTC 2021 DATA_SET
* Mon Oct 25 02:29:12 UTC 2021 SCRAPE_DATA_SET
* Tue Oct 26 02:18:41 UTC 2021 SCRAPE_DATA_SET
* Tue Oct 26 02:27:22 UTC 2021 BUILD_DATA_SET
* Wed Oct 27 02:18:59 UTC 2021 SCRAPE_DATA_SET
* Wed Oct 27 02:27:35 UTC 2021 BUILD_DATA_SET
* Thu Oct 28 02:19:24 UTC 2021 SCRAPE_DATA_SET
* Thu Oct 28 02:27:58 UTC 2021 BUILD_DATA_SET
* Fri Oct 29 02:19:14 UTC 2021 SCRAPE_DATA_SET
* Fri Oct 29 02:27:45 UTC 2021 BUILD_DATA_SET
* Sat Oct 30 02:19:55 UTC 2021 SCRAPE_DATA_SET
* Sat Oct 30 02:28:35 UTC 2021 BUILD_DATA_SET
* Sun Oct 31 02:21:52 UTC 2021 SCRAPE_DATA_SET
* Sun Oct 31 02:29:19 UTC 2021 BUILD_DATA_SET
* Mon Nov  1 02:22:37 UTC 2021 SCRAPE_DATA_SET
* Mon Nov  1 02:30:05 UTC 2021 BUILD_DATA_SET
* Tue Nov  2 02:22:52 UTC 2021 SCRAPE_DATA_SET
* Tue Nov  2 02:29:54 UTC 2021 BUILD_DATA_SET
* Wed Nov  3 02:19:38 UTC 2021 SCRAPE_DATA_SET
* Wed Nov  3 02:28:41 UTC 2021 BUILD_DATA_SET
* Thu Nov  4 02:22:26 UTC 2021 SCRAPE_DATA_SET
* Thu Nov  4 02:29:53 UTC 2021 BUILD_DATA_SET
* Fri Nov  5 02:20:56 UTC 2021 SCRAPE_DATA_SET
* Fri Nov  5 02:29:05 UTC 2021 BUILD_DATA_SET
* Sat Nov  6 02:19:44 UTC 2021 SCRAPE_DATA_SET
* Sat Nov  6 02:28:50 UTC 2021 BUILD_DATA_SET
* Sun Nov  7 02:22:34 UTC 2021 SCRAPE_DATA_SET
* Sun Nov  7 02:30:03 UTC 2021 BUILD_DATA_SET
* Mon Nov  8 02:20:15 UTC 2021 SCRAPE_DATA_SET
* Mon Nov  8 02:28:54 UTC 2021 BUILD_DATA_SET
* Tue Nov  9 02:20:07 UTC 2021 SCRAPE_DATA_SET
* Tue Nov  9 02:28:37 UTC 2021 BUILD_DATA_SET
* Wed Nov 10 02:20:47 UTC 2021 SCRAPE_DATA_SET
* Wed Nov 10 02:29:22 UTC 2021 BUILD_DATA_SET
* Thu Nov 11 02:20:39 UTC 2021 SCRAPE_DATA_SET
* Thu Nov 11 02:28:53 UTC 2021 BUILD_DATA_SET
* Fri Nov 12 02:20:57 UTC 2021 SCRAPE_DATA_SET
* Fri Nov 12 02:29:16 UTC 2021 BUILD_DATA_SET
* Sat Nov 13 02:20:30 UTC 2021 SCRAPE_DATA_SET
* Sat Nov 13 02:29:25 UTC 2021 BUILD_DATA_SET
* Sun Nov 14 02:21:23 UTC 2021 SCRAPE_DATA_SET
* Sun Nov 14 02:29:23 UTC 2021 BUILD_DATA_SET
* Mon Nov 15 02:20:32 UTC 2021 SCRAPE_DATA_SET
* Mon Nov 15 02:29:19 UTC 2021 BUILD_DATA_SET
* Tue Nov 16 02:20:38 UTC 2021 SCRAPE_DATA_SET
* Tue Nov 16 02:29:16 UTC 2021 BUILD_DATA_SET
* Wed Nov 17 02:20:34 UTC 2021 SCRAPE_DATA_SET
* Wed Nov 17 02:29:18 UTC 2021 BUILD_DATA_SET
* Thu Nov 18 02:20:32 UTC 2021 SCRAPE_DATA_SET
* Thu Nov 18 02:29:10 UTC 2021 BUILD_DATA_SET
* Fri Nov 19 02:21:33 UTC 2021 SCRAPE_DATA_SET
* Fri Nov 19 02:30:07 UTC 2021 BUILD_DATA_SET
* Sat Nov 20 02:22:15 UTC 2021 SCRAPE_DATA_SET
* Sat Nov 20 02:32:36 UTC 2021 BUILD_DATA_SET
* Sun Nov 21 02:22:08 UTC 2021 SCRAPE_DATA_SET
* Sun Nov 21 02:29:53 UTC 2021 BUILD_DATA_SET
* Mon Nov 22 02:21:44 UTC 2021 SCRAPE_DATA_SET
* Mon Nov 22 02:30:06 UTC 2021 BUILD_DATA_SET
* Tue Nov 23 02:20:31 UTC 2021 SCRAPE_DATA_SET
* Tue Nov 23 02:29:10 UTC 2021 BUILD_DATA_SET
* Wed Nov 24 02:20:57 UTC 2021 SCRAPE_DATA_SET
* Wed Nov 24 02:29:46 UTC 2021 BUILD_DATA_SET
* Thu Nov 25 02:22:16 UTC 2021 SCRAPE_DATA_SET
* Thu Nov 25 02:33:04 UTC 2021 BUILD_DATA_SET
* Fri Nov 26 02:21:01 UTC 2021 SCRAPE_DATA_SET
* Fri Nov 26 02:30:00 UTC 2021 BUILD_DATA_SET
* Sat Nov 27 02:21:45 UTC 2021 SCRAPE_DATA_SET
* Sat Nov 27 02:31:10 UTC 2021 BUILD_DATA_SET
* Sun Nov 28 02:21:13 UTC 2021 SCRAPE_DATA_SET
* Sun Nov 28 02:30:48 UTC 2021 BUILD_DATA_SET
* Mon Nov 29 02:21:26 UTC 2021 SCRAPE_DATA_SET
* Mon Nov 29 02:30:12 UTC 2021 BUILD_DATA_SET
* Tue Nov 30 02:10:21 UTC 2021 SCRAPE_DATA_SET
* Tue Nov 30 02:18:47 UTC 2021 BUILD_DATA_SET
* Wed Dec  1 02:26:27 UTC 2021 SCRAPE_DATA_SET
* Wed Dec  1 02:33:12 UTC 2021 BUILD_DATA_SET
* Thu Dec  2 02:22:14 UTC 2021 SCRAPE_DATA_SET
* Thu Dec  2 02:30:41 UTC 2021 BUILD_DATA_SET
* Fri Dec  3 02:22:04 UTC 2021 SCRAPE_DATA_SET
* Fri Dec  3 02:30:35 UTC 2021 BUILD_DATA_SET
* Sat Dec  4 02:24:14 UTC 2021 SCRAPE_DATA_SET
* Sat Dec  4 02:32:36 UTC 2021 BUILD_DATA_SET
* Sun Dec  5 02:27:58 UTC 2021 SCRAPE_DATA_SET
* Sun Dec  5 02:34:51 UTC 2021 BUILD_DATA_SET
* Mon Dec  6 02:24:48 UTC 2021 SCRAPE_DATA_SET
* Mon Dec  6 02:32:16 UTC 2021 BUILD_DATA_SET
* Tue Dec  7 02:28:26 UTC 2021 SCRAPE_DATA_SET
* Tue Dec  7 02:34:57 UTC 2021 BUILD_DATA_SET
* Wed Dec  8 02:25:50 UTC 2021 SCRAPE_DATA_SET
* Wed Dec  8 02:33:06 UTC 2021 BUILD_DATA_SET
* Thu Dec  9 02:25:02 UTC 2021 SCRAPE_DATA_SET
* Thu Dec  9 02:32:26 UTC 2021 BUILD_DATA_SET
* Fri Dec 10 02:21:59 UTC 2021 SCRAPE_DATA_SET
* Fri Dec 10 02:30:57 UTC 2021 BUILD_DATA_SET
* Sat Dec 11 02:25:21 UTC 2021 SCRAPE_DATA_SET
* Sat Dec 11 02:33:19 UTC 2021 BUILD_DATA_SET
* Sun Dec 12 02:25:36 UTC 2021 SCRAPE_DATA_SET
* Sun Dec 12 02:32:27 UTC 2021 BUILD_DATA_SET
* Mon Dec 13 02:25:02 UTC 2021 SCRAPE_DATA_SET
* Mon Dec 13 02:32:30 UTC 2021 BUILD_DATA_SET
* Tue Dec 14 02:28:06 UTC 2021 SCRAPE_DATA_SET
* Tue Dec 14 02:33:37 UTC 2021 BUILD_DATA_SET
* Wed Dec 15 02:24:30 UTC 2021 SCRAPE_DATA_SET
* Wed Dec 15 02:32:09 UTC 2021 BUILD_DATA_SET
* Thu Dec 16 02:24:01 UTC 2021 SCRAPE_DATA_SET
* Thu Dec 16 02:32:04 UTC 2021 BUILD_DATA_SET
* Fri Dec 17 02:27:46 UTC 2021 SCRAPE_DATA_SET
* Fri Dec 17 02:34:48 UTC 2021 BUILD_DATA_SET
* Sat Dec 18 02:30:58 UTC 2021 SCRAPE_DATA_SET
* Sat Dec 18 02:37:34 UTC 2021 BUILD_DATA_SET
* Sun Dec 19 02:29:25 UTC 2021 SCRAPE_DATA_SET
* Sun Dec 19 02:35:57 UTC 2021 BUILD_DATA_SET
* Mon Dec 20 02:28:36 UTC 2021 SCRAPE_DATA_SET
* Mon Dec 20 02:35:19 UTC 2021 BUILD_DATA_SET
* Tue Dec 21 02:29:22 UTC 2021 SCRAPE_DATA_SET
* Tue Dec 21 02:37:09 UTC 2021 BUILD_DATA_SET
* Wed Dec 22 02:29:52 UTC 2021 SCRAPE_DATA_SET
* Wed Dec 22 02:36:24 UTC 2021 BUILD_DATA_SET
* Thu Dec 23 02:27:42 UTC 2021 SCRAPE_DATA_SET
* Thu Dec 23 02:34:45 UTC 2021 BUILD_DATA_SET
* Fri Dec 24 02:26:50 UTC 2021 SCRAPE_DATA_SET
* Fri Dec 24 02:34:18 UTC 2021 BUILD_DATA_SET
* Sat Dec 25 02:29:35 UTC 2021 SCRAPE_DATA_SET
* Sat Dec 25 02:36:49 UTC 2021 BUILD_DATA_SET
* Sun Dec 26 02:30:39 UTC 2021 SCRAPE_DATA_SET
* Sun Dec 26 02:37:12 UTC 2021 BUILD_DATA_SET
* Mon Dec 27 02:27:58 UTC 2021 SCRAPE_DATA_SET
* Mon Dec 27 02:34:50 UTC 2021 BUILD_DATA_SET
* Mon Jan  3 09:14:51 UTC 2022 BUILD_DATA_SET
* Mon Jan  3 10:06:31 UTC 2022 SCRAPE_DATA_SET
* Mon Jan  3 12:20:28 UTC 2022 BUILD_DATA_SET
* Tue Jan  4 02:36:04 UTC 2022 SCRAPE_DATA_SET
* Tue Jan  4 02:36:48 UTC 2022 BUILD_DATA_SET
* Wed Jan  5 02:37:05 UTC 2022 SCRAPE_DATA_SET
* Wed Jan  5 02:38:11 UTC 2022 BUILD_DATA_SET
* Thu Jan  6 02:40:10 UTC 2022 SCRAPE_DATA_SET
* Thu Jan  6 02:41:37 UTC 2022 BUILD_DATA_SET
* Fri Jan  7 02:40:14 UTC 2022 SCRAPE_DATA_SET
* Fri Jan  7 02:41:11 UTC 2022 BUILD_DATA_SET
* Sat Jan  8 02:38:50 UTC 2022 SCRAPE_DATA_SET
* Sat Jan  8 02:39:35 UTC 2022 BUILD_DATA_SET
* Sun Jan  9 02:38:16 UTC 2022 SCRAPE_DATA_SET
* Sun Jan  9 02:39:14 UTC 2022 BUILD_DATA_SET
* Mon Jan 10 02:37:51 UTC 2022 SCRAPE_DATA_SET
* Mon Jan 10 02:38:20 UTC 2022 BUILD_DATA_SET
* Tue Jan 11 02:37:19 UTC 2022 SCRAPE_DATA_SET
* Tue Jan 11 02:38:21 UTC 2022 BUILD_DATA_SET
* Thu Jan 13 02:38:57 UTC 2022 SCRAPE_DATA_SET
* Thu Jan 13 02:39:50 UTC 2022 BUILD_DATA_SET
* Fri Jan 14 02:38:02 UTC 2022 SCRAPE_DATA_SET
* Fri Jan 14 02:38:54 UTC 2022 BUILD_DATA_SET
* Sat Jan 15 02:39:14 UTC 2022 SCRAPE_DATA_SET
* Sat Jan 15 02:40:01 UTC 2022 BUILD_DATA_SET
* Sun Jan 16 02:39:37 UTC 2022 SCRAPE_DATA_SET
* Sun Jan 16 02:40:34 UTC 2022 BUILD_DATA_SET
* Mon Jan 17 02:38:32 UTC 2022 SCRAPE_DATA_SET
* Mon Jan 17 02:39:31 UTC 2022 BUILD_DATA_SET
* Tue Jan 18 02:37:26 UTC 2022 SCRAPE_DATA_SET
* Tue Jan 18 02:38:12 UTC 2022 BUILD_DATA_SET
* Wed Jan 19 02:28:16 UTC 2022 SCRAPE_DATA_SET
* Wed Jan 19 02:28:50 UTC 2022 BUILD_DATA_SET
* Thu Jan 20 02:37:04 UTC 2022 SCRAPE_DATA_SET
* Thu Jan 20 02:37:51 UTC 2022 BUILD_DATA_SET
* Fri Jan 21 02:29:42 UTC 2022 SCRAPE_DATA_SET
* Fri Jan 21 02:30:26 UTC 2022 BUILD_DATA_SET
* Sat Jan 22 02:30:04 UTC 2022 SCRAPE_DATA_SET
* Sat Jan 22 02:30:43 UTC 2022 BUILD_DATA_SET
* Sun Jan 23 02:28:15 UTC 2022 SCRAPE_DATA_SET
* Sun Jan 23 02:28:51 UTC 2022 BUILD_DATA_SET
* Mon Jan 24 02:32:39 UTC 2022 SCRAPE_DATA_SET
* Mon Jan 24 02:33:19 UTC 2022 BUILD_DATA_SET
* Tue Jan 25 02:32:31 UTC 2022 SCRAPE_DATA_SET
* Tue Jan 25 02:33:15 UTC 2022 BUILD_DATA_SET
* Wed Jan 26 02:33:18 UTC 2022 SCRAPE_DATA_SET
* Wed Jan 26 02:34:00 UTC 2022 BUILD_DATA_SET
* Thu Jan 27 02:28:58 UTC 2022 SCRAPE_DATA_SET
* Fri Jan 28 02:31:34 UTC 2022 SCRAPE_DATA_SET
* Fri Jan 28 02:32:14 UTC 2022 BUILD_DATA_SET
* Sat Jan 29 02:26:15 UTC 2022 SCRAPE_DATA_SET
* Sat Jan 29 02:27:13 UTC 2022 BUILD_DATA_SET
* Sun Jan 30 02:28:11 UTC 2022 SCRAPE_DATA_SET
* Sun Jan 30 02:28:50 UTC 2022 BUILD_DATA_SET
* Mon Jan 31 02:28:21 UTC 2022 SCRAPE_DATA_SET
* Mon Jan 31 02:28:58 UTC 2022 BUILD_DATA_SET
* Tue Feb  1 02:30:38 UTC 2022 SCRAPE_DATA_SET
* Tue Feb  1 02:31:23 UTC 2022 BUILD_DATA_SET
* Wed Feb  2 02:28:54 UTC 2022 SCRAPE_DATA_SET
* Wed Feb  2 02:29:45 UTC 2022 BUILD_DATA_SET
* Thu Feb  3 02:27:47 UTC 2022 SCRAPE_DATA_SET
* Thu Feb  3 02:28:26 UTC 2022 BUILD_DATA_SET
* Fri Feb  4 02:17:24 UTC 2022 SCRAPE_DATA_SET
* Fri Feb  4 02:18:18 UTC 2022 BUILD_DATA_SET
* Sat Feb  5 02:16:01 UTC 2022 SCRAPE_DATA_SET
* Sat Feb  5 02:16:49 UTC 2022 BUILD_DATA_SET
* Sun Feb  6 02:37:06 UTC 2022 SCRAPE_DATA_SET
* Sun Feb  6 02:37:48 UTC 2022 BUILD_DATA_SET
* Mon Feb  7 02:29:03 UTC 2022 SCRAPE_DATA_SET
* Mon Feb  7 02:29:45 UTC 2022 BUILD_DATA_SET
* Tue Feb  8 02:30:07 UTC 2022 SCRAPE_DATA_SET
* Tue Feb  8 02:31:03 UTC 2022 BUILD_DATA_SET
* Wed Feb  9 02:32:30 UTC 2022 SCRAPE_DATA_SET
* Wed Feb  9 02:33:18 UTC 2022 BUILD_DATA_SET
* Thu Feb 10 02:28:14 UTC 2022 SCRAPE_DATA_SET
* Thu Feb 10 02:28:54 UTC 2022 BUILD_DATA_SET
* Fri Feb 11 02:30:37 UTC 2022 SCRAPE_DATA_SET
* Fri Feb 11 02:31:40 UTC 2022 BUILD_DATA_SET
* Sat Feb 12 02:36:15 UTC 2022 SCRAPE_DATA_SET
* Sat Feb 12 02:37:07 UTC 2022 BUILD_DATA_SET
* Sun Feb 13 02:30:00 UTC 2022 SCRAPE_DATA_SET
* Sun Feb 13 02:30:56 UTC 2022 BUILD_DATA_SET
* Mon Feb 14 02:26:08 UTC 2022 SCRAPE_DATA_SET
* Mon Feb 14 02:26:41 UTC 2022 BUILD_DATA_SET
* Tue Feb 15 02:32:58 UTC 2022 SCRAPE_DATA_SET
* Tue Feb 15 02:33:45 UTC 2022 BUILD_DATA_SET
* Wed Feb 16 02:31:54 UTC 2022 SCRAPE_DATA_SET
* Wed Feb 16 02:32:45 UTC 2022 BUILD_DATA_SET
* Thu Feb 17 02:25:42 UTC 2022 SCRAPE_DATA_SET
* Thu Feb 17 02:26:29 UTC 2022 BUILD_DATA_SET
* Fri Feb 18 02:31:51 UTC 2022 SCRAPE_DATA_SET
* Fri Feb 18 02:32:42 UTC 2022 BUILD_DATA_SET
* Sat Feb 19 02:30:26 UTC 2022 SCRAPE_DATA_SET
* Sat Feb 19 02:31:13 UTC 2022 BUILD_DATA_SET
* Sun Feb 20 02:30:46 UTC 2022 SCRAPE_DATA_SET
* Sun Feb 20 02:31:39 UTC 2022 BUILD_DATA_SET
* Mon Feb 21 02:28:10 UTC 2022 SCRAPE_DATA_SET
* Mon Feb 21 02:28:49 UTC 2022 BUILD_DATA_SET
* Tue Feb 22 02:28:28 UTC 2022 SCRAPE_DATA_SET
* Tue Feb 22 02:29:16 UTC 2022 BUILD_DATA_SET
* Wed Feb 23 02:33:16 UTC 2022 SCRAPE_DATA_SET
* Wed Feb 23 02:34:17 UTC 2022 BUILD_DATA_SET
* Thu Feb 24 02:35:23 UTC 2022 SCRAPE_DATA_SET
* Thu Feb 24 02:36:22 UTC 2022 BUILD_DATA_SET
* Fri Feb 25 02:33:23 UTC 2022 SCRAPE_DATA_SET
* Fri Feb 25 02:34:12 UTC 2022 BUILD_DATA_SET
* Sat Feb 26 02:32:11 UTC 2022 SCRAPE_DATA_SET
* Sun Feb 27 02:32:39 UTC 2022 SCRAPE_DATA_SET
* Sun Feb 27 02:33:31 UTC 2022 BUILD_DATA_SET
* Mon Feb 28 02:33:11 UTC 2022 SCRAPE_DATA_SET
* Mon Feb 28 02:34:00 UTC 2022 BUILD_DATA_SET
* Tue Mar  1 02:44:01 UTC 2022 SCRAPE_DATA_SET
* Tue Mar  1 02:44:47 UTC 2022 BUILD_DATA_SET
* Wed Mar  2 02:38:50 UTC 2022 SCRAPE_DATA_SET
* Wed Mar  2 02:39:34 UTC 2022 BUILD_DATA_SET
* Thu Mar  3 02:42:16 UTC 2022 SCRAPE_DATA_SET
* Thu Mar  3 02:43:53 UTC 2022 BUILD_DATA_SET
* Fri Mar  4 02:43:07 UTC 2022 SCRAPE_DATA_SET
* Fri Mar  4 02:44:08 UTC 2022 BUILD_DATA_SET
* Sat Mar  5 02:36:17 UTC 2022 SCRAPE_DATA_SET
* Sat Mar  5 02:37:05 UTC 2022 BUILD_DATA_SET
* Sun Mar  6 02:33:56 UTC 2022 SCRAPE_DATA_SET
* Sun Mar  6 02:34:48 UTC 2022 BUILD_DATA_SET
* Mon Mar  7 02:38:15 UTC 2022 SCRAPE_DATA_SET
* Mon Mar  7 02:39:09 UTC 2022 BUILD_DATA_SET
* Tue Mar  8 02:34:49 UTC 2022 SCRAPE_DATA_SET
* Tue Mar  8 02:35:37 UTC 2022 BUILD_DATA_SET
* Wed Mar  9 02:39:20 UTC 2022 SCRAPE_DATA_SET
* Wed Mar  9 02:40:13 UTC 2022 BUILD_DATA_SET
* Thu Mar 10 02:45:58 UTC 2022 SCRAPE_DATA_SET
* Thu Mar 10 02:46:43 UTC 2022 BUILD_DATA_SET
* Fri Mar 11 02:40:47 UTC 2022 SCRAPE_DATA_SET
* Fri Mar 11 02:41:42 UTC 2022 BUILD_DATA_SET
* Sat Mar 12 02:32:53 UTC 2022 SCRAPE_DATA_SET
* Sat Mar 12 02:33:38 UTC 2022 BUILD_DATA_SET
* Sun Mar 13 02:32:18 UTC 2022 SCRAPE_DATA_SET
* Sun Mar 13 02:33:04 UTC 2022 BUILD_DATA_SET
* Mon Mar 14 02:37:52 UTC 2022 SCRAPE_DATA_SET
* Mon Mar 14 02:38:45 UTC 2022 BUILD_DATA_SET
* Tue Mar 15 02:39:58 UTC 2022 SCRAPE_DATA_SET
* Tue Mar 15 02:40:40 UTC 2022 BUILD_DATA_SET
* Wed Mar 16 02:44:39 UTC 2022 SCRAPE_DATA_SET
* Wed Mar 16 02:45:19 UTC 2022 BUILD_DATA_SET
* Thu Mar 17 02:40:12 UTC 2022 SCRAPE_DATA_SET
* Thu Mar 17 02:41:50 UTC 2022 BUILD_DATA_SET
* Fri Mar 18 02:43:39 UTC 2022 SCRAPE_DATA_SET
* Fri Mar 18 02:44:32 UTC 2022 BUILD_DATA_SET
* Sat Mar 19 02:36:55 UTC 2022 SCRAPE_DATA_SET
* Sat Mar 19 02:37:44 UTC 2022 BUILD_DATA_SET
* Sun Mar 20 02:36:44 UTC 2022 SCRAPE_DATA_SET
* Sun Mar 20 02:37:29 UTC 2022 BUILD_DATA_SET
* Mon Mar 21 02:49:58 UTC 2022 SCRAPE_DATA_SET
* Mon Mar 21 02:50:43 UTC 2022 BUILD_DATA_SET
* Tue Mar 22 02:51:33 UTC 2022 SCRAPE_DATA_SET
* Tue Mar 22 02:52:19 UTC 2022 BUILD_DATA_SET
* Wed Mar 23 02:54:31 UTC 2022 SCRAPE_DATA_SET
* Wed Mar 23 02:55:11 UTC 2022 BUILD_DATA_SET
* Thu Mar 24 02:48:34 UTC 2022 SCRAPE_DATA_SET
* Thu Mar 24 02:49:11 UTC 2022 BUILD_DATA_SET
* Fri Mar 25 02:45:11 UTC 2022 SCRAPE_DATA_SET
* Fri Mar 25 02:45:53 UTC 2022 BUILD_DATA_SET
* Sat Mar 26 02:46:42 UTC 2022 SCRAPE_DATA_SET
* Sat Mar 26 02:47:23 UTC 2022 BUILD_DATA_SET
* Sun Mar 27 02:45:40 UTC 2022 SCRAPE_DATA_SET
* Sun Mar 27 02:46:17 UTC 2022 BUILD_DATA_SET
* Mon Mar 28 02:57:42 UTC 2022 SCRAPE_DATA_SET
* Mon Mar 28 02:58:34 UTC 2022 BUILD_DATA_SET
* Tue Mar 29 02:57:30 UTC 2022 SCRAPE_DATA_SET
* Tue Mar 29 02:58:12 UTC 2022 BUILD_DATA_SET
* Wed Mar 30 02:56:30 UTC 2022 SCRAPE_DATA_SET
* Wed Mar 30 02:57:11 UTC 2022 BUILD_DATA_SET
* Thu Mar 31 02:53:55 UTC 2022 SCRAPE_DATA_SET
* Thu Mar 31 02:54:43 UTC 2022 BUILD_DATA_SET
* Fri Apr  1 03:16:08 UTC 2022 SCRAPE_DATA_SET
* Sat Apr  2 02:54:09 UTC 2022 SCRAPE_DATA_SET
* Sat Apr  2 02:54:52 UTC 2022 BUILD_DATA_SET
* Sun Apr  3 02:52:40 UTC 2022 SCRAPE_DATA_SET
* Sun Apr  3 02:53:18 UTC 2022 BUILD_DATA_SET
* Mon Apr  4 03:03:00 UTC 2022 SCRAPE_DATA_SET
* Mon Apr  4 03:03:50 UTC 2022 BUILD_DATA_SET
* Tue Apr  5 02:54:14 UTC 2022 SCRAPE_DATA_SET
* Tue Apr  5 02:54:54 UTC 2022 BUILD_DATA_SET
* Wed Apr  6 02:55:20 UTC 2022 SCRAPE_DATA_SET
* Wed Apr  6 02:56:01 UTC 2022 BUILD_DATA_SET
* Thu Apr  7 02:53:37 UTC 2022 SCRAPE_DATA_SET
* Thu Apr  7 02:54:16 UTC 2022 BUILD_DATA_SET
* Fri Apr  8 03:01:14 UTC 2022 SCRAPE_DATA_SET
* Fri Apr  8 03:01:56 UTC 2022 BUILD_DATA_SET
* Sat Apr  9 02:50:54 UTC 2022 SCRAPE_DATA_SET
* Sat Apr  9 02:52:37 UTC 2022 BUILD_DATA_SET
* Sun Apr 10 02:55:30 UTC 2022 SCRAPE_DATA_SET
* Sun Apr 10 02:56:08 UTC 2022 BUILD_DATA_SET
* Mon Apr 11 03:08:30 UTC 2022 SCRAPE_DATA_SET
* Mon Apr 11 03:09:28 UTC 2022 BUILD_DATA_SET
* Tue Apr 12 03:00:15 UTC 2022 SCRAPE_DATA_SET
* Tue Apr 12 03:01:03 UTC 2022 BUILD_DATA_SET
* Wed Apr 13 03:03:41 UTC 2022 SCRAPE_DATA_SET
* Wed Apr 13 03:04:25 UTC 2022 BUILD_DATA_SET
* Thu Apr 14 03:05:20 UTC 2022 SCRAPE_DATA_SET
* Thu Apr 14 03:06:28 UTC 2022 BUILD_DATA_SET
* Fri Apr 15 03:35:08 UTC 2022 SCRAPE_DATA_SET
* Fri Apr 15 03:36:33 UTC 2022 BUILD_DATA_SET
* Sat Apr 16 02:52:32 UTC 2022 SCRAPE_DATA_SET
* Sat Apr 16 02:53:20 UTC 2022 BUILD_DATA_SET
* Sun Apr 17 02:55:36 UTC 2022 SCRAPE_DATA_SET
* Sun Apr 17 02:56:25 UTC 2022 BUILD_DATA_SET
* Mon Apr 18 03:15:50 UTC 2022 SCRAPE_DATA_SET
* Mon Apr 18 03:16:31 UTC 2022 BUILD_DATA_SET
* Tue Apr 19 03:25:09 UTC 2022 SCRAPE_DATA_SET
* Tue Apr 19 03:27:04 UTC 2022 BUILD_DATA_SET
* Wed Apr 20 03:41:41 UTC 2022 SCRAPE_DATA_SET
* Wed Apr 20 03:42:43 UTC 2022 BUILD_DATA_SET
* Thu Apr 21 03:28:08 UTC 2022 SCRAPE_DATA_SET
* Thu Apr 21 03:37:40 UTC 2022 BUILD_DATA_SET
* Fri Apr 22 03:46:08 UTC 2022 SCRAPE_DATA_SET
* Fri Apr 22 03:47:28 UTC 2022 BUILD_DATA_SET
* Sat Apr 23 02:59:54 UTC 2022 SCRAPE_DATA_SET
* Sat Apr 23 03:00:48 UTC 2022 BUILD_DATA_SET
* Sun Apr 24 02:53:30 UTC 2022 SCRAPE_DATA_SET
* Sun Apr 24 02:54:14 UTC 2022 BUILD_DATA_SET
* Mon Apr 25 03:13:21 UTC 2022 SCRAPE_DATA_SET
* Mon Apr 25 03:14:15 UTC 2022 BUILD_DATA_SET
* Tue Apr 26 03:22:20 UTC 2022 SCRAPE_DATA_SET
* Tue Apr 26 03:23:21 UTC 2022 BUILD_DATA_SET
* Wed Apr 27 03:44:31 UTC 2022 SCRAPE_DATA_SET
* Wed Apr 27 03:45:28 UTC 2022 BUILD_DATA_SET
* Thu Apr 28 04:10:05 UTC 2022 SCRAPE_DATA_SET
* Thu Apr 28 04:10:34 UTC 2022 BUILD_DATA_SET
* Fri Apr 29 03:26:26 UTC 2022 SCRAPE_DATA_SET
* Fri Apr 29 03:27:13 UTC 2022 BUILD_DATA_SET
* Sat Apr 30 03:17:21 UTC 2022 SCRAPE_DATA_SET
* Sat Apr 30 03:18:15 UTC 2022 BUILD_DATA_SET
* Sun May  1 03:42:58 UTC 2022 SCRAPE_DATA_SET
* Sun May  1 03:43:27 UTC 2022 BUILD_DATA_SET
* Mon May  2 03:55:17 UTC 2022 SCRAPE_DATA_SET
* Mon May  2 03:56:11 UTC 2022 BUILD_DATA_SET
* Tue May  3 03:24:48 UTC 2022 SCRAPE_DATA_SET
* Tue May  3 03:25:57 UTC 2022 BUILD_DATA_SET
* Wed May  4 03:25:41 UTC 2022 SCRAPE_DATA_SET
* Wed May  4 03:26:31 UTC 2022 BUILD_DATA_SET
* Thu May  5 03:23:11 UTC 2022 SCRAPE_DATA_SET
* Thu May  5 03:24:01 UTC 2022 BUILD_DATA_SET
* Fri May  6 03:05:47 UTC 2022 SCRAPE_DATA_SET
* Fri May  6 03:06:34 UTC 2022 BUILD_DATA_SET
* Sat May  7 03:00:50 UTC 2022 SCRAPE_DATA_SET
* Sat May  7 03:01:42 UTC 2022 BUILD_DATA_SET
* Sun May  8 03:14:22 UTC 2022 SCRAPE_DATA_SET
* Sun May  8 03:15:07 UTC 2022 BUILD_DATA_SET
* Mon May  9 03:21:02 UTC 2022 SCRAPE_DATA_SET
* Mon May  9 03:21:45 UTC 2022 BUILD_DATA_SET
* Tue May 10 02:49:26 UTC 2022 SCRAPE_DATA_SET
* Tue May 10 02:50:10 UTC 2022 BUILD_DATA_SET
* Wed May 11 03:21:51 UTC 2022 SCRAPE_DATA_SET
* Wed May 11 03:22:52 UTC 2022 BUILD_DATA_SET
* Thu May 12 03:14:58 UTC 2022 SCRAPE_DATA_SET
* Thu May 12 03:15:56 UTC 2022 BUILD_DATA_SET
* Fri May 13 03:50:17 UTC 2022 SCRAPE_DATA_SET
* Fri May 13 03:51:23 UTC 2022 BUILD_DATA_SET
* Sat May 14 04:05:51 UTC 2022 SCRAPE_DATA_SET
* Sat May 14 04:07:12 UTC 2022 BUILD_DATA_SET
* Sun May 15 03:16:36 UTC 2022 SCRAPE_DATA_SET
* Sun May 15 03:17:33 UTC 2022 BUILD_DATA_SET
* Mon May 16 03:01:46 UTC 2022 SCRAPE_DATA_SET
* Mon May 16 03:02:32 UTC 2022 BUILD_DATA_SET
* Tue May 17 03:26:02 UTC 2022 SCRAPE_DATA_SET
* Tue May 17 03:26:49 UTC 2022 BUILD_DATA_SET
* Wed May 18 03:17:59 UTC 2022 SCRAPE_DATA_SET
* Wed May 18 03:18:43 UTC 2022 BUILD_DATA_SET
* Thu May 19 03:26:41 UTC 2022 SCRAPE_DATA_SET
* Thu May 19 03:30:34 UTC 2022 BUILD_DATA_SET
* Fri May 20 03:15:48 UTC 2022 SCRAPE_DATA_SET
* Fri May 20 03:16:41 UTC 2022 BUILD_DATA_SET
* Sat May 21 02:51:14 UTC 2022 SCRAPE_DATA_SET
* Sat May 21 02:51:58 UTC 2022 BUILD_DATA_SET
* Sun May 22 03:09:10 UTC 2022 SCRAPE_DATA_SET
* Sun May 22 03:10:22 UTC 2022 BUILD_DATA_SET
* Mon May 23 03:21:46 UTC 2022 SCRAPE_DATA_SET
* Mon May 23 03:22:38 UTC 2022 BUILD_DATA_SET
* Tue May 24 03:24:48 UTC 2022 SCRAPE_DATA_SET
* Tue May 24 03:26:18 UTC 2022 BUILD_DATA_SET
* Wed May 25 03:20:46 UTC 2022 SCRAPE_DATA_SET
* Wed May 25 03:21:43 UTC 2022 BUILD_DATA_SET
* Thu May 26 03:25:10 UTC 2022 SCRAPE_DATA_SET
* Thu May 26 03:25:58 UTC 2022 BUILD_DATA_SET
* Fri May 27 03:26:21 UTC 2022 SCRAPE_DATA_SET
* Fri May 27 03:27:29 UTC 2022 BUILD_DATA_SET
* Sat May 28 03:10:01 UTC 2022 SCRAPE_DATA_SET
* Sat May 28 03:10:53 UTC 2022 BUILD_DATA_SET
* Sun May 29 03:28:11 UTC 2022 SCRAPE_DATA_SET
* Sun May 29 03:32:27 UTC 2022 BUILD_DATA_SET
* Mon May 30 03:37:09 UTC 2022 SCRAPE_DATA_SET
* Mon May 30 03:38:08 UTC 2022 BUILD_DATA_SET
* Tue May 31 03:24:24 UTC 2022 SCRAPE_DATA_SET
* Tue May 31 03:25:13 UTC 2022 BUILD_DATA_SET
* Wed Jun  1 04:04:09 UTC 2022 SCRAPE_DATA_SET
* Wed Jun  1 04:04:38 UTC 2022 BUILD_DATA_SET
* Thu Jun  2 03:47:49 UTC 2022 SCRAPE_DATA_SET
* Thu Jun  2 03:49:01 UTC 2022 BUILD_DATA_SET
* Fri Jun  3 03:12:30 UTC 2022 SCRAPE_DATA_SET
* Fri Jun  3 03:13:15 UTC 2022 BUILD_DATA_SET
* Sat Jun  4 03:08:35 UTC 2022 SCRAPE_DATA_SET
* Sat Jun  4 03:09:18 UTC 2022 BUILD_DATA_SET
* Sun Jun  5 03:10:37 UTC 2022 SCRAPE_DATA_SET
* Sun Jun  5 03:11:22 UTC 2022 BUILD_DATA_SET
* Mon Jun  6 03:20:47 UTC 2022 SCRAPE_DATA_SET
* Mon Jun  6 03:21:43 UTC 2022 BUILD_DATA_SET
* Tue Jun  7 03:18:38 UTC 2022 SCRAPE_DATA_SET
* Tue Jun  7 03:19:29 UTC 2022 BUILD_DATA_SET
* Wed Jun  8 03:24:33 UTC 2022 SCRAPE_DATA_SET
* Wed Jun  8 03:25:24 UTC 2022 BUILD_DATA_SET
* Thu Jun  9 03:25:19 UTC 2022 SCRAPE_DATA_SET
* Thu Jun  9 03:26:03 UTC 2022 BUILD_DATA_SET
* Fri Jun 10 03:21:17 UTC 2022 SCRAPE_DATA_SET
* Fri Jun 10 03:22:12 UTC 2022 BUILD_DATA_SET
* Sat Jun 11 03:18:10 UTC 2022 SCRAPE_DATA_SET
* Sat Jun 11 03:19:05 UTC 2022 BUILD_DATA_SET
* Sun Jun 12 03:23:27 UTC 2022 SCRAPE_DATA_SET
* Sun Jun 12 03:24:10 UTC 2022 BUILD_DATA_SET
* Mon Jun 13 03:37:09 UTC 2022 SCRAPE_DATA_SET
* Mon Jun 13 03:37:55 UTC 2022 BUILD_DATA_SET
* Tue Jun 14 03:52:35 UTC 2022 SCRAPE_DATA_SET
* Tue Jun 14 03:53:25 UTC 2022 BUILD_DATA_SET
* Wed Jun 15 03:41:51 UTC 2022 BUILD_DATA_SET
* Wed Jun 15 03:42:02 UTC 2022 SCRAPE_DATA_SET
* Thu Jun 16 03:24:59 UTC 2022 SCRAPE_DATA_SET
* Thu Jun 16 03:25:40 UTC 2022 BUILD_DATA_SET
* Fri Jun 17 03:27:41 UTC 2022 BUILD_DATA_SET
* Sat Jun 18 03:22:00 UTC 2022 SCRAPE_DATA_SET
* Sat Jun 18 03:22:48 UTC 2022 BUILD_DATA_SET
* Sun Jun 19 03:40:14 UTC 2022 SCRAPE_DATA_SET
* Sun Jun 19 03:41:04 UTC 2022 BUILD_DATA_SET
* Mon Jun 20 03:17:11 UTC 2022 SCRAPE_DATA_SET
* Mon Jun 20 03:17:57 UTC 2022 BUILD_DATA_SET
* Tue Jun 21 03:34:48 UTC 2022 SCRAPE_DATA_SET
* Tue Jun 21 03:36:36 UTC 2022 BUILD_DATA_SET
* Wed Jun 22 03:36:41 UTC 2022 SCRAPE_DATA_SET
* Wed Jun 22 03:37:18 UTC 2022 BUILD_DATA_SET
* Thu Jun 23 03:37:45 UTC 2022 SCRAPE_DATA_SET
* Thu Jun 23 03:38:39 UTC 2022 BUILD_DATA_SET
* Fri Jun 24 03:42:31 UTC 2022 SCRAPE_DATA_SET
* Fri Jun 24 03:43:26 UTC 2022 BUILD_DATA_SET
* Sat Jun 25 03:35:22 UTC 2022 SCRAPE_DATA_SET
* Sat Jun 25 03:36:29 UTC 2022 BUILD_DATA_SET
* Sun Jun 26 03:39:07 UTC 2022 SCRAPE_DATA_SET
* Sun Jun 26 03:39:48 UTC 2022 BUILD_DATA_SET
* Mon Jun 27 03:51:11 UTC 2022 SCRAPE_DATA_SET
* Mon Jun 27 03:51:54 UTC 2022 BUILD_DATA_SET
* Tue Jun 28 03:44:11 UTC 2022 SCRAPE_DATA_SET
* Tue Jun 28 03:45:11 UTC 2022 BUILD_DATA_SET
* Wed Jun 29 03:48:35 UTC 2022 SCRAPE_DATA_SET
* Wed Jun 29 03:49:39 UTC 2022 BUILD_DATA_SET
* Thu Jun 30 03:43:26 UTC 2022 SCRAPE_DATA_SET
* Thu Jun 30 03:44:17 UTC 2022 BUILD_DATA_SET
* Fri Jul  1 03:56:00 UTC 2022 SCRAPE_DATA_SET
* Fri Jul  1 03:56:41 UTC 2022 BUILD_DATA_SET
* Sat Jul  2 03:45:57 UTC 2022 SCRAPE_DATA_SET
* Sat Jul  2 03:46:43 UTC 2022 BUILD_DATA_SET
* Sun Jul  3 03:36:21 UTC 2022 SCRAPE_DATA_SET
* Sun Jul  3 03:37:04 UTC 2022 BUILD_DATA_SET
* Mon Jul  4 03:50:25 UTC 2022 SCRAPE_DATA_SET
* Mon Jul  4 03:50:58 UTC 2022 BUILD_DATA_SET
* Tue Jul  5 03:43:49 UTC 2022 SCRAPE_DATA_SET
* Tue Jul  5 03:44:52 UTC 2022 BUILD_DATA_SET
* Wed Jul  6 03:49:48 UTC 2022 SCRAPE_DATA_SET
* Wed Jul  6 03:49:58 UTC 2022 BUILD_DATA_SET
* Thu Jul  7 03:49:06 UTC 2022 SCRAPE_DATA_SET
* Thu Jul  7 03:49:50 UTC 2022 BUILD_DATA_SET
* Fri Jul  8 03:43:43 UTC 2022 SCRAPE_DATA_SET
* Fri Jul  8 03:44:25 UTC 2022 BUILD_DATA_SET
* Sat Jul  9 03:19:28 UTC 2022 SCRAPE_DATA_SET
* Sat Jul  9 03:20:20 UTC 2022 BUILD_DATA_SET
* Sun Jul 10 03:35:42 UTC 2022 SCRAPE_DATA_SET
* Sun Jul 10 03:36:11 UTC 2022 BUILD_DATA_SET
* Mon Jul 11 03:38:43 UTC 2022 SCRAPE_DATA_SET
* Mon Jul 11 03:39:50 UTC 2022 BUILD_DATA_SET
* Tue Jul 12 04:00:36 UTC 2022 SCRAPE_DATA_SET
* Tue Jul 12 04:00:48 UTC 2022 BUILD_DATA_SET
* Wed Jul 13 03:42:02 UTC 2022 SCRAPE_DATA_SET
* Wed Jul 13 03:42:51 UTC 2022 BUILD_DATA_SET
* Thu Jul 14 03:51:59 UTC 2022 SCRAPE_DATA_SET
* Thu Jul 14 03:52:37 UTC 2022 BUILD_DATA_SET
* Fri Jul 15 03:56:46 UTC 2022 SCRAPE_DATA_SET
* Fri Jul 15 03:57:15 UTC 2022 BUILD_DATA_SET
* Sat Jul 16 03:26:30 UTC 2022 SCRAPE_DATA_SET
* Sat Jul 16 03:27:37 UTC 2022 BUILD_DATA_SET
* Sun Jul 17 03:43:02 UTC 2022 SCRAPE_DATA_SET
* Sun Jul 17 03:43:24 UTC 2022 BUILD_DATA_SET
* Mon Jul 18 03:47:02 UTC 2022 SCRAPE_DATA_SET
* Mon Jul 18 03:47:38 UTC 2022 BUILD_DATA_SET
* Tue Jul 19 03:59:20 UTC 2022 SCRAPE_DATA_SET
* Tue Jul 19 03:59:37 UTC 2022 BUILD_DATA_SET
* Wed Jul 20 03:43:59 UTC 2022 SCRAPE_DATA_SET
* Wed Jul 20 03:45:09 UTC 2022 BUILD_DATA_SET
* Thu Jul 21 03:43:25 UTC 2022 SCRAPE_DATA_SET
* Thu Jul 21 03:44:00 UTC 2022 BUILD_DATA_SET
* Fri Jul 22 03:50:34 UTC 2022 SCRAPE_DATA_SET
* Fri Jul 22 03:51:23 UTC 2022 BUILD_DATA_SET
* Sat Jul 23 03:36:19 UTC 2022 SCRAPE_DATA_SET
* Sat Jul 23 03:36:59 UTC 2022 BUILD_DATA_SET
* Sun Jul 24 03:39:41 UTC 2022 SCRAPE_DATA_SET
* Sun Jul 24 03:40:07 UTC 2022 BUILD_DATA_SET
* Mon Jul 25 03:48:42 UTC 2022 SCRAPE_DATA_SET
* Mon Jul 25 03:49:34 UTC 2022 BUILD_DATA_SET
* Tue Jul 26 04:09:05 UTC 2022 SCRAPE_DATA_SET
* Tue Jul 26 04:09:22 UTC 2022 BUILD_DATA_SET
* Wed Jul 27 03:50:55 UTC 2022 SCRAPE_DATA_SET
* Wed Jul 27 03:51:28 UTC 2022 BUILD_DATA_SET
* Thu Jul 28 03:45:31 UTC 2022 SCRAPE_DATA_SET
* Thu Jul 28 03:46:17 UTC 2022 BUILD_DATA_SET
* Fri Jul 29 03:52:13 UTC 2022 SCRAPE_DATA_SET
* Fri Jul 29 03:52:38 UTC 2022 BUILD_DATA_SET
* Sat Jul 30 03:48:39 UTC 2022 SCRAPE_DATA_SET
* Sat Jul 30 03:49:32 UTC 2022 BUILD_DATA_SET
* Sun Jul 31 03:43:31 UTC 2022 SCRAPE_DATA_SET
* Sun Jul 31 03:44:04 UTC 2022 BUILD_DATA_SET
* Mon Aug  1 04:05:49 UTC 2022 SCRAPE_DATA_SET
* Mon Aug  1 04:06:09 UTC 2022 BUILD_DATA_SET
* Tue Aug  2 04:06:27 UTC 2022 SCRAPE_DATA_SET
* Wed Aug  3 03:55:06 UTC 2022 SCRAPE_DATA_SET
* Wed Aug  3 03:56:08 UTC 2022 BUILD_DATA_SET
* Thu Aug  4 03:27:32 UTC 2022 SCRAPE_DATA_SET
* Thu Aug  4 03:30:03 UTC 2022 BUILD_DATA_SET
* Fri Aug  5 03:45:24 UTC 2022 SCRAPE_DATA_SET
* Fri Aug  5 03:46:17 UTC 2022 BUILD_DATA_SET
* Sat Aug  6 03:19:56 UTC 2022 SCRAPE_DATA_SET
* Sat Aug  6 03:20:51 UTC 2022 BUILD_DATA_SET
* Sun Aug  7 03:23:44 UTC 2022 SCRAPE_DATA_SET
* Sun Aug  7 03:24:14 UTC 2022 BUILD_DATA_SET
* Mon Aug  8 03:40:42 UTC 2022 SCRAPE_DATA_SET
* Mon Aug  8 03:41:41 UTC 2022 BUILD_DATA_SET
* Tue Aug  9 03:44:54 UTC 2022 SCRAPE_DATA_SET
* Tue Aug  9 03:45:18 UTC 2022 BUILD_DATA_SET
* Wed Aug 10 03:05:20 UTC 2022 SCRAPE_DATA_SET
* Wed Aug 10 03:06:30 UTC 2022 BUILD_DATA_SET
* Thu Aug 11 03:19:04 UTC 2022 SCRAPE_DATA_SET
* Thu Aug 11 03:19:55 UTC 2022 BUILD_DATA_SET
* Fri Aug 12 03:34:48 UTC 2022 SCRAPE_DATA_SET
* Fri Aug 12 03:35:32 UTC 2022 BUILD_DATA_SET
* Sat Aug 13 03:20:05 UTC 2022 SCRAPE_DATA_SET
* Sat Aug 13 03:20:49 UTC 2022 BUILD_DATA_SET
* Sun Aug 14 03:36:04 UTC 2022 SCRAPE_DATA_SET
* Sun Aug 14 03:36:37 UTC 2022 BUILD_DATA_SET
* Mon Aug 15 03:57:41 UTC 2022 SCRAPE_DATA_SET
* Mon Aug 15 03:58:21 UTC 2022 BUILD_DATA_SET
* Tue Aug 16 03:47:47 UTC 2022 SCRAPE_DATA_SET
* Tue Aug 16 03:48:09 UTC 2022 BUILD_DATA_SET
* Wed Aug 17 03:58:47 UTC 2022 SCRAPE_DATA_SET
* Wed Aug 17 03:59:21 UTC 2022 BUILD_DATA_SET
* Thu Aug 18 04:02:46 UTC 2022 SCRAPE_DATA_SET
* Thu Aug 18 04:03:29 UTC 2022 BUILD_DATA_SET
* Fri Aug 19 03:51:41 UTC 2022 SCRAPE_DATA_SET
* Fri Aug 19 03:52:12 UTC 2022 BUILD_DATA_SET
* Sat Aug 20 03:39:35 UTC 2022 SCRAPE_DATA_SET
* Sat Aug 20 03:40:41 UTC 2022 BUILD_DATA_SET
* Sun Aug 21 03:42:06 UTC 2022 SCRAPE_DATA_SET
* Sun Aug 21 03:43:04 UTC 2022 BUILD_DATA_SET
* Mon Aug 22 04:00:42 UTC 2022 SCRAPE_DATA_SET
* Mon Aug 22 04:01:14 UTC 2022 BUILD_DATA_SET
* Tue Aug 23 04:15:05 UTC 2022 SCRAPE_DATA_SET
* Tue Aug 23 04:15:45 UTC 2022 BUILD_DATA_SET
* Wed Aug 24 04:08:53 UTC 2022 SCRAPE_DATA_SET
* Wed Aug 24 04:09:28 UTC 2022 BUILD_DATA_SET
* Thu Aug 25 04:11:41 UTC 2022 SCRAPE_DATA_SET
* Thu Aug 25 04:11:59 UTC 2022 BUILD_DATA_SET
* Fri Aug 26 04:19:00 UTC 2022 SCRAPE_DATA_SET
* Fri Aug 26 04:19:22 UTC 2022 BUILD_DATA_SET
* Sat Aug 27 04:03:08 UTC 2022 SCRAPE_DATA_SET
* Sat Aug 27 04:03:20 UTC 2022 BUILD_DATA_SET
* Sun Aug 28 03:57:01 UTC 2022 SCRAPE_DATA_SET
* Sun Aug 28 03:57:41 UTC 2022 BUILD_DATA_SET
* Mon Aug 29 04:13:42 UTC 2022 BUILD_DATA_SET
* Mon Aug 29 04:14:12 UTC 2022 SCRAPE_DATA_SET
* Tue Aug 30 04:20:25 UTC 2022 SCRAPE_DATA_SET
* Tue Aug 30 04:23:28 UTC 2022 BUILD_DATA_SET
* Wed Aug 31 04:31:41 UTC 2022 SCRAPE_DATA_SET
* Wed Aug 31 04:32:00 UTC 2022 BUILD_DATA_SET
* Thu Sep  1 04:08:13 UTC 2022 SCRAPE_DATA_SET
* Thu Sep  1 04:08:58 UTC 2022 BUILD_DATA_SET
* Fri Sep  2 04:16:51 UTC 2022 SCRAPE_DATA_SET
* Fri Sep  2 04:19:27 UTC 2022 BUILD_DATA_SET
* Sat Sep  3 04:04:25 UTC 2022 SCRAPE_DATA_SET
* Sat Sep  3 04:04:55 UTC 2022 BUILD_DATA_SET
* Sun Sep  4 04:09:48 UTC 2022 SCRAPE_DATA_SET
* Sun Sep  4 04:10:25 UTC 2022 BUILD_DATA_SET
* Mon Sep  5 04:20:11 UTC 2022 SCRAPE_DATA_SET
* Mon Sep  5 04:20:37 UTC 2022 BUILD_DATA_SET
* Tue Sep  6 04:23:24 UTC 2022 SCRAPE_DATA_SET
* Tue Sep  6 04:26:37 UTC 2022 BUILD_DATA_SET
* Wed Sep  7 04:26:48 UTC 2022 SCRAPE_DATA_SET
* Wed Sep  7 04:27:26 UTC 2022 BUILD_DATA_SET
* Thu Sep  8 04:10:01 UTC 2022 SCRAPE_DATA_SET
* Thu Sep  8 04:10:47 UTC 2022 BUILD_DATA_SET
* Fri Sep  9 04:06:42 UTC 2022 BUILD_DATA_SET
* Fri Sep  9 04:06:53 UTC 2022 SCRAPE_DATA_SET
* Sat Sep 10 04:15:30 UTC 2022 SCRAPE_DATA_SET
* Sat Sep 10 04:16:10 UTC 2022 BUILD_DATA_SET
* Sun Sep 11 04:08:29 UTC 2022 SCRAPE_DATA_SET
* Sun Sep 11 04:08:37 UTC 2022 BUILD_DATA_SET
* Mon Sep 12 04:26:59 UTC 2022 SCRAPE_DATA_SET
* Mon Sep 12 04:27:18 UTC 2022 BUILD_DATA_SET
* Tue Sep 13 04:21:05 UTC 2022 SCRAPE_DATA_SET
* Tue Sep 13 04:21:30 UTC 2022 BUILD_DATA_SET
* Wed Sep 14 04:17:06 UTC 2022 BUILD_DATA_SET
* Wed Sep 14 04:17:30 UTC 2022 SCRAPE_DATA_SET
* Thu Sep 15 04:23:25 UTC 2022 SCRAPE_DATA_SET
* Thu Sep 15 04:23:36 UTC 2022 BUILD_DATA_SET
* Fri Sep 16 04:25:17 UTC 2022 SCRAPE_DATA_SET
* Fri Sep 16 04:26:08 UTC 2022 BUILD_DATA_SET
* Sat Sep 17 04:01:17 UTC 2022 SCRAPE_DATA_SET
* Sat Sep 17 04:01:53 UTC 2022 BUILD_DATA_SET
* Sun Sep 18 04:13:15 UTC 2022 SCRAPE_DATA_SET
* Sun Sep 18 04:13:47 UTC 2022 BUILD_DATA_SET
* Mon Sep 19 04:27:31 UTC 2022 SCRAPE_DATA_SET
* Mon Sep 19 04:27:48 UTC 2022 BUILD_DATA_SET
* Tue Sep 20 04:18:36 UTC 2022 SCRAPE_DATA_SET
* Tue Sep 20 04:19:14 UTC 2022 BUILD_DATA_SET
* Wed Sep 21 04:22:55 UTC 2022 SCRAPE_DATA_SET
* Wed Sep 21 04:23:22 UTC 2022 BUILD_DATA_SET
* Thu Sep 22 04:16:10 UTC 2022 SCRAPE_DATA_SET
* Thu Sep 22 04:16:59 UTC 2022 BUILD_DATA_SET
* Fri Sep 23 04:19:37 UTC 2022 SCRAPE_DATA_SET
* Fri Sep 23 04:20:13 UTC 2022 BUILD_DATA_SET
* Sat Sep 24 04:15:59 UTC 2022 SCRAPE_DATA_SET
* Sat Sep 24 04:16:33 UTC 2022 BUILD_DATA_SET
* Sun Sep 25 04:08:47 UTC 2022 SCRAPE_DATA_SET
* Sun Sep 25 04:09:18 UTC 2022 BUILD_DATA_SET
* Mon Sep 26 04:27:03 UTC 2022 SCRAPE_DATA_SET
* Mon Sep 26 04:27:29 UTC 2022 BUILD_DATA_SET
* Tue Sep 27 04:12:05 UTC 2022 SCRAPE_DATA_SET
* Tue Sep 27 04:12:21 UTC 2022 BUILD_DATA_SET
* Wed Sep 28 04:19:32 UTC 2022 BUILD_DATA_SET
* Thu Sep 29 04:20:15 UTC 2022 SCRAPE_DATA_SET
* Thu Sep 29 04:21:39 UTC 2022 BUILD_DATA_SET
* Fri Sep 30 04:32:06 UTC 2022 SCRAPE_DATA_SET
* Fri Sep 30 04:32:53 UTC 2022 BUILD_DATA_SET
* Sat Oct  1 04:28:38 UTC 2022 SCRAPE_DATA_SET
* Sat Oct  1 04:28:54 UTC 2022 BUILD_DATA_SET
* Sun Oct  2 04:16:07 UTC 2022 SCRAPE_DATA_SET
* Sun Oct  2 04:16:38 UTC 2022 BUILD_DATA_SET
* Mon Oct  3 03:36:17 UTC 2022 SCRAPE_DATA_SET
* Mon Oct  3 03:37:31 UTC 2022 BUILD_DATA_SET
* Tue Oct  4 03:46:55 UTC 2022 SCRAPE_DATA_SET
* Tue Oct  4 03:47:05 UTC 2022 BUILD_DATA_SET
* Wed Oct  5 03:41:57 UTC 2022 SCRAPE_DATA_SET
* Wed Oct  5 03:42:05 UTC 2022 BUILD_DATA_SET
* Thu Oct  6 03:39:44 UTC 2022 SCRAPE_DATA_SET
* Thu Oct  6 03:40:52 UTC 2022 BUILD_DATA_SET
* Fri Oct  7 03:50:21 UTC 2022 SCRAPE_DATA_SET
* Fri Oct  7 03:50:52 UTC 2022 BUILD_DATA_SET
* Sat Oct  8 03:36:51 UTC 2022 SCRAPE_DATA_SET
* Sat Oct  8 03:37:54 UTC 2022 BUILD_DATA_SET
* Sun Oct  9 04:05:49 UTC 2022 SCRAPE_DATA_SET
* Sun Oct  9 04:06:15 UTC 2022 BUILD_DATA_SET
* Mon Oct 10 04:16:06 UTC 2022 SCRAPE_DATA_SET
* Mon Oct 10 04:16:37 UTC 2022 BUILD_DATA_SET
* Tue Oct 11 04:13:13 UTC 2022 SCRAPE_DATA_SET
* Tue Oct 11 04:13:56 UTC 2022 BUILD_DATA_SET
* Wed Oct 12 04:07:04 UTC 2022 SCRAPE_DATA_SET
* Wed Oct 12 04:07:33 UTC 2022 BUILD_DATA_SET
* Thu Oct 13 04:17:29 UTC 2022 SCRAPE_DATA_SET
* Thu Oct 13 04:17:44 UTC 2022 BUILD_DATA_SET
* Fri Oct 14 04:25:08 UTC 2022 SCRAPE_DATA_SET
* Fri Oct 14 04:26:19 UTC 2022 BUILD_DATA_SET
* Sat Oct 15 04:15:00 UTC 2022 SCRAPE_DATA_SET
* Sat Oct 15 04:15:22 UTC 2022 BUILD_DATA_SET
* Sun Oct 16 04:15:03 UTC 2022 SCRAPE_DATA_SET
* Sun Oct 16 04:15:39 UTC 2022 BUILD_DATA_SET
* Mon Oct 17 04:32:28 UTC 2022 BUILD_DATA_SET
* Mon Oct 17 04:32:39 UTC 2022 SCRAPE_DATA_SET
* Tue Oct 18 04:20:57 UTC 2022 SCRAPE_DATA_SET
* Tue Oct 18 04:21:24 UTC 2022 BUILD_DATA_SET
* Wed Oct 19 04:22:45 UTC 2022 SCRAPE_DATA_SET
* Wed Oct 19 04:23:30 UTC 2022 BUILD_DATA_SET
* Thu Oct 20 04:04:40 UTC 2022 SCRAPE_DATA_SET
* Thu Oct 20 04:05:08 UTC 2022 BUILD_DATA_SET
* Fri Oct 21 03:52:15 UTC 2022 SCRAPE_DATA_SET
* Fri Oct 21 03:53:29 UTC 2022 BUILD_DATA_SET
* Sat Oct 22 03:59:33 UTC 2022 SCRAPE_DATA_SET
* Sat Oct 22 03:59:54 UTC 2022 BUILD_DATA_SET
* Sun Oct 23 04:08:41 UTC 2022 SCRAPE_DATA_SET
* Sun Oct 23 04:09:05 UTC 2022 BUILD_DATA_SET
* Mon Oct 24 04:31:05 UTC 2022 SCRAPE_DATA_SET
* Mon Oct 24 04:31:35 UTC 2022 BUILD_DATA_SET
* Tue Oct 25 04:27:33 UTC 2022 SCRAPE_DATA_SET
* Tue Oct 25 04:27:59 UTC 2022 BUILD_DATA_SET
* Wed Oct 26 03:52:50 UTC 2022 SCRAPE_DATA_SET
* Wed Oct 26 03:53:14 UTC 2022 BUILD_DATA_SET
* Thu Oct 27 03:46:22 UTC 2022 SCRAPE_DATA_SET
* Thu Oct 27 03:47:02 UTC 2022 BUILD_DATA_SET
* Fri Oct 28 03:47:46 UTC 2022 SCRAPE_DATA_SET
* Fri Oct 28 03:47:56 UTC 2022 BUILD_DATA_SET
* Sat Oct 29 03:37:20 UTC 2022 SCRAPE_DATA_SET
* Sat Oct 29 03:38:07 UTC 2022 BUILD_DATA_SET
* Sun Oct 30 03:52:36 UTC 2022 SCRAPE_DATA_SET
* Sun Oct 30 03:53:16 UTC 2022 BUILD_DATA_SET
* Mon Oct 31 03:47:14 UTC 2022 SCRAPE_DATA_SET
* Mon Oct 31 03:47:45 UTC 2022 BUILD_DATA_SET
* Tue Nov  1 04:10:47 UTC 2022 SCRAPE_DATA_SET
* Tue Nov  1 04:11:24 UTC 2022 BUILD_DATA_SET
* Wed Nov  2 03:59:26 UTC 2022 SCRAPE_DATA_SET
* Wed Nov  2 03:59:53 UTC 2022 BUILD_DATA_SET
* Thu Nov  3 03:35:17 UTC 2022 SCRAPE_DATA_SET
* Thu Nov  3 03:36:20 UTC 2022 BUILD_DATA_SET
* Fri Nov  4 03:44:14 UTC 2022 SCRAPE_DATA_SET
* Fri Nov  4 03:45:03 UTC 2022 BUILD_DATA_SET
* Sat Nov  5 03:21:25 UTC 2022 SCRAPE_DATA_SET
* Sat Nov  5 03:22:16 UTC 2022 BUILD_DATA_SET
* Sun Nov  6 03:25:00 UTC 2022 SCRAPE_DATA_SET
* Sun Nov  6 03:25:55 UTC 2022 BUILD_DATA_SET
* Mon Nov  7 03:37:34 UTC 2022 SCRAPE_DATA_SET
* Mon Nov  7 03:40:46 UTC 2022 BUILD_DATA_SET
* Tue Nov  8 03:27:15 UTC 2022 SCRAPE_DATA_SET
* Tue Nov  8 03:28:12 UTC 2022 BUILD_DATA_SET
* Wed Nov  9 03:41:22 UTC 2022 BUILD_DATA_SET
* Wed Nov  9 03:41:31 UTC 2022 SCRAPE_DATA_SET
* Thu Nov 10 03:27:09 UTC 2022 SCRAPE_DATA_SET
* Thu Nov 10 03:28:24 UTC 2022 BUILD_DATA_SET
* Fri Nov 11 03:34:29 UTC 2022 SCRAPE_DATA_SET
* Fri Nov 11 03:35:54 UTC 2022 BUILD_DATA_SET
* Sat Nov 12 03:23:50 UTC 2022 SCRAPE_DATA_SET
* Sat Nov 12 03:24:42 UTC 2022 BUILD_DATA_SET
* Sun Nov 13 03:26:02 UTC 2022 SCRAPE_DATA_SET
* Sun Nov 13 03:26:56 UTC 2022 BUILD_DATA_SET
* Mon Nov 14 03:27:12 UTC 2022 SCRAPE_DATA_SET
* Mon Nov 14 03:28:06 UTC 2022 BUILD_DATA_SET
* Tue Nov 15 03:15:29 UTC 2022 SCRAPE_DATA_SET
* Tue Nov 15 03:16:11 UTC 2022 BUILD_DATA_SET
* Wed Nov 16 03:17:16 UTC 2022 SCRAPE_DATA_SET
* Wed Nov 16 03:18:03 UTC 2022 BUILD_DATA_SET
* Thu Nov 17 03:13:08 UTC 2022 SCRAPE_DATA_SET
* Thu Nov 17 03:14:06 UTC 2022 BUILD_DATA_SET
* Fri Nov 18 03:14:53 UTC 2022 SCRAPE_DATA_SET
* Fri Nov 18 03:15:44 UTC 2022 BUILD_DATA_SET
* Sat Nov 19 03:09:56 UTC 2022 SCRAPE_DATA_SET
* Sat Nov 19 03:10:54 UTC 2022 BUILD_DATA_SET
* Sun Nov 20 03:19:02 UTC 2022 SCRAPE_DATA_SET
* Sun Nov 20 03:20:06 UTC 2022 BUILD_DATA_SET
* Mon Nov 21 03:17:01 UTC 2022 SCRAPE_DATA_SET
* Mon Nov 21 03:18:09 UTC 2022 BUILD_DATA_SET
* Tue Nov 22 03:11:19 UTC 2022 SCRAPE_DATA_SET
* Tue Nov 22 03:12:16 UTC 2022 BUILD_DATA_SET
* Wed Nov 23 03:02:38 UTC 2022 SCRAPE_DATA_SET
* Wed Nov 23 03:03:23 UTC 2022 BUILD_DATA_SET
* Thu Nov 24 02:53:07 UTC 2022 SCRAPE_DATA_SET
* Thu Nov 24 02:53:56 UTC 2022 BUILD_DATA_SET
* Fri Nov 25 03:02:25 UTC 2022 SCRAPE_DATA_SET
* Fri Nov 25 03:03:12 UTC 2022 BUILD_DATA_SET
* Sat Nov 26 02:49:47 UTC 2022 SCRAPE_DATA_SET
* Sat Nov 26 02:50:29 UTC 2022 BUILD_DATA_SET
* Sun Nov 27 03:05:13 UTC 2022 SCRAPE_DATA_SET
* Sun Nov 27 03:06:22 UTC 2022 BUILD_DATA_SET
* Mon Nov 28 02:56:48 UTC 2022 SCRAPE_DATA_SET
* Mon Nov 28 02:57:34 UTC 2022 BUILD_DATA_SET
* Tue Nov 29 02:52:50 UTC 2022 SCRAPE_DATA_SET
* Tue Nov 29 02:53:42 UTC 2022 BUILD_DATA_SET
* Wed Nov 30 02:50:28 UTC 2022 SCRAPE_DATA_SET
* Wed Nov 30 02:51:06 UTC 2022 BUILD_DATA_SET
* Thu Dec  1 03:09:40 UTC 2022 SCRAPE_DATA_SET
* Thu Dec  1 03:10:31 UTC 2022 BUILD_DATA_SET
* Fri Dec  2 02:48:06 UTC 2022 SCRAPE_DATA_SET
* Fri Dec  2 02:49:01 UTC 2022 BUILD_DATA_SET
* Sat Dec  3 02:36:00 UTC 2022 SCRAPE_DATA_SET
* Sat Dec  3 02:36:45 UTC 2022 BUILD_DATA_SET
* Sun Dec  4 02:42:51 UTC 2022 SCRAPE_DATA_SET
* Sun Dec  4 02:43:42 UTC 2022 BUILD_DATA_SET
* Mon Dec  5 02:41:39 UTC 2022 SCRAPE_DATA_SET
* Mon Dec  5 02:42:15 UTC 2022 BUILD_DATA_SET
* Tue Dec  6 02:42:11 UTC 2022 SCRAPE_DATA_SET
* Tue Dec  6 02:42:53 UTC 2022 BUILD_DATA_SET
* Wed Dec  7 02:49:35 UTC 2022 SCRAPE_DATA_SET
* Wed Dec  7 02:50:15 UTC 2022 BUILD_DATA_SET
* Thu Dec  8 02:44:53 UTC 2022 SCRAPE_DATA_SET
* Thu Dec  8 02:45:35 UTC 2022 BUILD_DATA_SET
* Fri Dec  9 02:45:14 UTC 2022 SCRAPE_DATA_SET
* Fri Dec  9 02:45:42 UTC 2022 BUILD_DATA_SET
* Sat Dec 10 02:39:06 UTC 2022 SCRAPE_DATA_SET
* Sat Dec 10 02:39:55 UTC 2022 BUILD_DATA_SET
* Sun Dec 11 02:49:23 UTC 2022 SCRAPE_DATA_SET
* Sun Dec 11 02:49:55 UTC 2022 BUILD_DATA_SET
* Mon Dec 12 02:48:19 UTC 2022 SCRAPE_DATA_SET
* Mon Dec 12 02:48:57 UTC 2022 BUILD_DATA_SET
* Tue Dec 13 02:51:21 UTC 2022 SCRAPE_DATA_SET
* Tue Dec 13 02:52:03 UTC 2022 BUILD_DATA_SET
* Wed Dec 14 02:47:59 UTC 2022 SCRAPE_DATA_SET
* Wed Dec 14 02:48:46 UTC 2022 BUILD_DATA_SET
* Thu Dec 15 02:47:24 UTC 2022 SCRAPE_DATA_SET
* Thu Dec 15 02:48:14 UTC 2022 BUILD_DATA_SET
* Fri Dec 16 02:33:22 UTC 2022 SCRAPE_DATA_SET
* Fri Dec 16 02:34:16 UTC 2022 BUILD_DATA_SET
* Sat Dec 17 02:31:57 UTC 2022 SCRAPE_DATA_SET
* Sat Dec 17 02:32:21 UTC 2022 BUILD_DATA_SET
* Sun Dec 18 02:34:10 UTC 2022 SCRAPE_DATA_SET
* Sun Dec 18 02:34:50 UTC 2022 BUILD_DATA_SET
* Mon Dec 19 02:33:12 UTC 2022 SCRAPE_DATA_SET
* Mon Dec 19 02:33:46 UTC 2022 BUILD_DATA_SET
* Tue Dec 20 02:37:14 UTC 2022 SCRAPE_DATA_SET
* Tue Dec 20 02:37:45 UTC 2022 BUILD_DATA_SET
* Wed Dec 21 02:34:26 UTC 2022 SCRAPE_DATA_SET
* Wed Dec 21 02:35:01 UTC 2022 BUILD_DATA_SET
* Thu Dec 22 02:36:21 UTC 2022 SCRAPE_DATA_SET
* Thu Dec 22 02:36:48 UTC 2022 BUILD_DATA_SET
* Fri Dec 23 02:36:49 UTC 2022 SCRAPE_DATA_SET
* Fri Dec 23 02:37:29 UTC 2022 BUILD_DATA_SET
* Sat Dec 24 02:30:59 UTC 2022 SCRAPE_DATA_SET
* Sat Dec 24 02:31:47 UTC 2022 BUILD_DATA_SET
* Sun Dec 25 02:37:51 UTC 2022 SCRAPE_DATA_SET
* Sun Dec 25 02:38:33 UTC 2022 BUILD_DATA_SET
* Mon Dec 26 02:36:42 UTC 2022 SCRAPE_DATA_SET
* Mon Dec 26 02:37:25 UTC 2022 BUILD_DATA_SET
* Tue Dec 27 02:34:00 UTC 2022 SCRAPE_DATA_SET
* Tue Dec 27 02:34:31 UTC 2022 BUILD_DATA_SET
* Wed Dec 28 02:35:26 UTC 2022 SCRAPE_DATA_SET
* Wed Dec 28 02:36:06 UTC 2022 BUILD_DATA_SET
* Thu Dec 29 02:36:59 UTC 2022 SCRAPE_DATA_SET
* Thu Dec 29 02:37:47 UTC 2022 BUILD_DATA_SET
* Fri Dec 30 02:37:17 UTC 2022 SCRAPE_DATA_SET
* Fri Dec 30 02:38:10 UTC 2022 BUILD_DATA_SET
* Sat Dec 31 02:33:22 UTC 2022 SCRAPE_DATA_SET
* Sat Dec 31 02:34:06 UTC 2022 BUILD_DATA_SET
* Sun Jan  1 02:50:42 UTC 2023 SCRAPE_DATA_SET
* Sun Jan  1 02:51:26 UTC 2023 BUILD_DATA_SET
* Mon Jan  2 02:37:12 UTC 2023 SCRAPE_DATA_SET
* Mon Jan  2 02:37:59 UTC 2023 BUILD_DATA_SET
* Tue Jan  3 02:35:11 UTC 2023 SCRAPE_DATA_SET
* Tue Jan  3 02:35:41 UTC 2023 BUILD_DATA_SET
* Wed Jan  4 02:39:28 UTC 2023 SCRAPE_DATA_SET
* Wed Jan  4 02:39:38 UTC 2023 BUILD_DATA_SET
* Thu Jan  5 02:40:02 UTC 2023 SCRAPE_DATA_SET
* Thu Jan  5 02:40:47 UTC 2023 BUILD_DATA_SET
* Fri Jan  6 02:43:51 UTC 2023 SCRAPE_DATA_SET
* Fri Jan  6 02:44:53 UTC 2023 BUILD_DATA_SET
* Sat Jan  7 02:37:16 UTC 2023 SCRAPE_DATA_SET
* Sat Jan  7 02:37:59 UTC 2023 BUILD_DATA_SET
* Sun Jan  8 02:44:27 UTC 2023 SCRAPE_DATA_SET
* Sun Jan  8 02:45:25 UTC 2023 BUILD_DATA_SET
* Mon Jan  9 02:39:05 UTC 2023 SCRAPE_DATA_SET
* Mon Jan  9 02:39:38 UTC 2023 BUILD_DATA_SET
* Tue Jan 10 02:45:11 UTC 2023 SCRAPE_DATA_SET
* Tue Jan 10 02:45:41 UTC 2023 BUILD_DATA_SET
* Wed Jan 11 02:41:33 UTC 2023 SCRAPE_DATA_SET
* Wed Jan 11 02:42:03 UTC 2023 BUILD_DATA_SET
* Thu Jan 12 02:40:46 UTC 2023 SCRAPE_DATA_SET
* Thu Jan 12 02:41:24 UTC 2023 BUILD_DATA_SET
* Fri Jan 13 02:45:40 UTC 2023 SCRAPE_DATA_SET
* Fri Jan 13 02:46:00 UTC 2023 BUILD_DATA_SET
* Sat Jan 14 02:34:16 UTC 2023 SCRAPE_DATA_SET
* Sat Jan 14 02:34:52 UTC 2023 BUILD_DATA_SET
* Sun Jan 15 02:43:07 UTC 2023 SCRAPE_DATA_SET
* Sun Jan 15 02:43:52 UTC 2023 BUILD_DATA_SET
* Mon Jan 16 02:42:16 UTC 2023 SCRAPE_DATA_SET
* Mon Jan 16 02:43:02 UTC 2023 BUILD_DATA_SET
* Tue Jan 17 02:40:01 UTC 2023 SCRAPE_DATA_SET
* Tue Jan 17 02:40:16 UTC 2023 BUILD_DATA_SET
* Wed Jan 18 02:44:12 UTC 2023 SCRAPE_DATA_SET
* Wed Jan 18 02:44:46 UTC 2023 BUILD_DATA_SET
* Thu Jan 19 02:46:05 UTC 2023 SCRAPE_DATA_SET
* Thu Jan 19 02:46:45 UTC 2023 BUILD_DATA_SET
* Fri Jan 20 02:46:05 UTC 2023 SCRAPE_DATA_SET
* Fri Jan 20 02:46:47 UTC 2023 BUILD_DATA_SET
* Sat Jan 21 02:38:15 UTC 2023 SCRAPE_DATA_SET
* Sat Jan 21 02:38:41 UTC 2023 BUILD_DATA_SET
* Sun Jan 22 02:43:58 UTC 2023 SCRAPE_DATA_SET
* Sun Jan 22 02:44:44 UTC 2023 BUILD_DATA_SET
* Mon Jan 23 02:39:49 UTC 2023 SCRAPE_DATA_SET
* Mon Jan 23 02:40:26 UTC 2023 BUILD_DATA_SET
* Tue Jan 24 02:38:20 UTC 2023 SCRAPE_DATA_SET
* Tue Jan 24 02:38:48 UTC 2023 BUILD_DATA_SET
* Wed Jan 25 02:39:07 UTC 2023 SCRAPE_DATA_SET
* Wed Jan 25 02:39:30 UTC 2023 BUILD_DATA_SET
* Thu Jan 26 02:40:04 UTC 2023 SCRAPE_DATA_SET
* Thu Jan 26 02:40:37 UTC 2023 BUILD_DATA_SET
* Fri Jan 27 02:43:17 UTC 2023 SCRAPE_DATA_SET
* Fri Jan 27 02:44:00 UTC 2023 BUILD_DATA_SET
* Sat Jan 28 02:41:16 UTC 2023 SCRAPE_DATA_SET
* Sat Jan 28 02:41:55 UTC 2023 BUILD_DATA_SET
* Sun Jan 29 02:45:33 UTC 2023 SCRAPE_DATA_SET
* Sun Jan 29 02:46:17 UTC 2023 BUILD_DATA_SET
* Mon Jan 30 02:38:01 UTC 2023 SCRAPE_DATA_SET
* Mon Jan 30 02:38:44 UTC 2023 BUILD_DATA_SET
* Tue Jan 31 02:45:45 UTC 2023 SCRAPE_DATA_SET
* Tue Jan 31 02:46:21 UTC 2023 BUILD_DATA_SET
* Wed Feb  1 02:55:13 UTC 2023 SCRAPE_DATA_SET
* Wed Feb  1 02:55:36 UTC 2023 BUILD_DATA_SET
* Thu Feb  2 02:44:34 UTC 2023 SCRAPE_DATA_SET
* Thu Feb  2 02:45:06 UTC 2023 BUILD_DATA_SET
* Fri Feb  3 02:47:59 UTC 2023 SCRAPE_DATA_SET
* Fri Feb  3 02:48:56 UTC 2023 BUILD_DATA_SET
* Sat Feb  4 02:37:05 UTC 2023 SCRAPE_DATA_SET
* Sat Feb  4 02:37:39 UTC 2023 BUILD_DATA_SET
* Sun Feb  5 02:49:17 UTC 2023 SCRAPE_DATA_SET
* Sun Feb  5 02:49:51 UTC 2023 BUILD_DATA_SET
* Mon Feb  6 02:39:03 UTC 2023 SCRAPE_DATA_SET
* Mon Feb  6 02:39:24 UTC 2023 BUILD_DATA_SET
* Tue Feb  7 02:39:02 UTC 2023 SCRAPE_DATA_SET
* Tue Feb  7 02:39:28 UTC 2023 BUILD_DATA_SET
* Wed Feb  8 02:46:49 UTC 2023 SCRAPE_DATA_SET
* Wed Feb  8 02:47:49 UTC 2023 BUILD_DATA_SET
* Thu Feb  9 02:47:27 UTC 2023 SCRAPE_DATA_SET
* Thu Feb  9 02:48:15 UTC 2023 BUILD_DATA_SET
* Fri Feb 10 02:52:18 UTC 2023 SCRAPE_DATA_SET
* Fri Feb 10 02:53:03 UTC 2023 BUILD_DATA_SET
* Sat Feb 11 02:40:21 UTC 2023 SCRAPE_DATA_SET
* Sat Feb 11 02:41:02 UTC 2023 BUILD_DATA_SET
* Sun Feb 12 02:47:05 UTC 2023 SCRAPE_DATA_SET
* Sun Feb 12 02:47:46 UTC 2023 BUILD_DATA_SET
* Mon Feb 13 02:47:30 UTC 2023 SCRAPE_DATA_SET
* Mon Feb 13 02:48:05 UTC 2023 BUILD_DATA_SET
* Tue Feb 14 02:48:16 UTC 2023 SCRAPE_DATA_SET
* Tue Feb 14 02:49:13 UTC 2023 BUILD_DATA_SET
* Wed Feb 15 02:48:54 UTC 2023 SCRAPE_DATA_SET
* Wed Feb 15 02:49:38 UTC 2023 BUILD_DATA_SET
* Thu Feb 16 02:47:10 UTC 2023 SCRAPE_DATA_SET
* Thu Feb 16 02:47:55 UTC 2023 BUILD_DATA_SET
* Fri Feb 17 02:51:21 UTC 2023 SCRAPE_DATA_SET
* Fri Feb 17 02:51:44 UTC 2023 BUILD_DATA_SET
* Sat Feb 18 02:42:56 UTC 2023 SCRAPE_DATA_SET
* Sat Feb 18 02:43:50 UTC 2023 BUILD_DATA_SET
* Sun Feb 19 02:48:14 UTC 2023 SCRAPE_DATA_SET
* Sun Feb 19 02:49:03 UTC 2023 BUILD_DATA_SET
* Mon Feb 20 02:50:23 UTC 2023 SCRAPE_DATA_SET
* Mon Feb 20 02:51:00 UTC 2023 BUILD_DATA_SET
* Tue Feb 21 02:50:11 UTC 2023 SCRAPE_DATA_SET
* Tue Feb 21 02:50:47 UTC 2023 BUILD_DATA_SET
* Wed Feb 22 02:47:43 UTC 2023 SCRAPE_DATA_SET
* Wed Feb 22 02:48:25 UTC 2023 BUILD_DATA_SET
* Thu Feb 23 02:45:32 UTC 2023 SCRAPE_DATA_SET
* Thu Feb 23 02:46:18 UTC 2023 BUILD_DATA_SET
* Fri Feb 24 02:46:49 UTC 2023 SCRAPE_DATA_SET
* Fri Feb 24 02:47:42 UTC 2023 BUILD_DATA_SET
* Sat Feb 25 02:48:01 UTC 2023 SCRAPE_DATA_SET
* Sat Feb 25 02:48:36 UTC 2023 BUILD_DATA_SET
* Sun Feb 26 02:56:42 UTC 2023 SCRAPE_DATA_SET
* Sun Feb 26 02:57:17 UTC 2023 BUILD_DATA_SET
* Mon Feb 27 02:49:18 UTC 2023 SCRAPE_DATA_SET
* Mon Feb 27 02:49:48 UTC 2023 BUILD_DATA_SET
* Tue Feb 28 02:48:01 UTC 2023 SCRAPE_DATA_SET
* Tue Feb 28 02:48:44 UTC 2023 BUILD_DATA_SET
* Wed Mar  1 02:58:55 UTC 2023 SCRAPE_DATA_SET
* Wed Mar  1 02:59:33 UTC 2023 BUILD_DATA_SET
* Thu Mar  2 02:53:27 UTC 2023 SCRAPE_DATA_SET
* Thu Mar  2 02:54:14 UTC 2023 BUILD_DATA_SET
* Fri Mar  3 04:11:19 UTC 2023 SCRAPE_DATA_SET
* Fri Mar  3 04:11:34 UTC 2023 BUILD_DATA_SET
* Sat Mar  4 02:44:33 UTC 2023 SCRAPE_DATA_SET
* Sat Mar  4 02:45:02 UTC 2023 BUILD_DATA_SET
* Sun Mar  5 02:59:29 UTC 2023 SCRAPE_DATA_SET
* Sun Mar  5 03:00:20 UTC 2023 BUILD_DATA_SET
* Mon Mar  6 02:51:27 UTC 2023 SCRAPE_DATA_SET
* Mon Mar  6 02:51:51 UTC 2023 BUILD_DATA_SET
* Tue Mar  7 02:58:35 UTC 2023 SCRAPE_DATA_SET
* Tue Mar  7 02:59:23 UTC 2023 BUILD_DATA_SET
* Wed Mar  8 02:52:33 UTC 2023 SCRAPE_DATA_SET
* Wed Mar  8 02:53:21 UTC 2023 BUILD_DATA_SET
* Thu Mar  9 02:52:35 UTC 2023 SCRAPE_DATA_SET
* Thu Mar  9 02:53:23 UTC 2023 BUILD_DATA_SET
* Fri Mar 10 02:55:40 UTC 2023 SCRAPE_DATA_SET
* Fri Mar 10 02:56:22 UTC 2023 BUILD_DATA_SET
* Sat Mar 11 02:35:13 UTC 2023 SCRAPE_DATA_SET
* Sat Mar 11 02:35:44 UTC 2023 BUILD_DATA_SET
* Sun Mar 12 02:46:13 UTC 2023 SCRAPE_DATA_SET
* Sun Mar 12 02:46:57 UTC 2023 BUILD_DATA_SET
* Mon Mar 13 02:38:39 UTC 2023 SCRAPE_DATA_SET
* Mon Mar 13 02:39:30 UTC 2023 BUILD_DATA_SET
* Tue Mar 14 02:32:28 UTC 2023 SCRAPE_DATA_SET
* Tue Mar 14 02:33:00 UTC 2023 BUILD_DATA_SET
* Wed Mar 15 02:37:51 UTC 2023 SCRAPE_DATA_SET
* Wed Mar 15 02:38:31 UTC 2023 BUILD_DATA_SET
* Thu Mar 16 02:38:42 UTC 2023 SCRAPE_DATA_SET
* Thu Mar 16 02:39:31 UTC 2023 BUILD_DATA_SET
* Fri Mar 17 02:36:33 UTC 2023 SCRAPE_DATA_SET
* Fri Mar 17 02:37:18 UTC 2023 BUILD_DATA_SET
* Sat Mar 18 02:36:22 UTC 2023 SCRAPE_DATA_SET
* Sat Mar 18 02:36:53 UTC 2023 BUILD_DATA_SET
* Sun Mar 19 02:45:58 UTC 2023 SCRAPE_DATA_SET
* Sun Mar 19 02:46:45 UTC 2023 BUILD_DATA_SET
* Mon Mar 20 02:41:50 UTC 2023 SCRAPE_DATA_SET
* Mon Mar 20 02:42:28 UTC 2023 BUILD_DATA_SET
* Tue Mar 21 02:30:22 UTC 2023 SCRAPE_DATA_SET
* Tue Mar 21 02:31:02 UTC 2023 BUILD_DATA_SET
* Wed Mar 22 02:32:41 UTC 2023 SCRAPE_DATA_SET
* Wed Mar 22 02:33:31 UTC 2023 BUILD_DATA_SET
* Thu Mar 23 02:31:37 UTC 2023 SCRAPE_DATA_SET
* Thu Mar 23 02:32:18 UTC 2023 BUILD_DATA_SET
* Fri Mar 24 02:33:56 UTC 2023 SCRAPE_DATA_SET
* Fri Mar 24 02:34:34 UTC 2023 BUILD_DATA_SET
* Sat Mar 25 02:31:02 UTC 2023 SCRAPE_DATA_SET
* Sat Mar 25 02:31:38 UTC 2023 BUILD_DATA_SET
* Sun Mar 26 02:36:54 UTC 2023 SCRAPE_DATA_SET
* Sun Mar 26 02:37:41 UTC 2023 BUILD_DATA_SET
* Mon Mar 27 02:33:03 UTC 2023 SCRAPE_DATA_SET
* Mon Mar 27 02:33:37 UTC 2023 BUILD_DATA_SET
* Tue Mar 28 02:34:39 UTC 2023 SCRAPE_DATA_SET
* Tue Mar 28 02:35:08 UTC 2023 BUILD_DATA_SET
* Wed Mar 29 02:41:34 UTC 2023 SCRAPE_DATA_SET
* Wed Mar 29 02:42:14 UTC 2023 BUILD_DATA_SET
* Thu Mar 30 02:35:32 UTC 2023 SCRAPE_DATA_SET
* Thu Mar 30 02:35:40 UTC 2023 BUILD_DATA_SET
* Fri Mar 31 02:35:15 UTC 2023 SCRAPE_DATA_SET
* Fri Mar 31 02:35:55 UTC 2023 BUILD_DATA_SET
* Sat Apr  1 02:30:11 UTC 2023 SCRAPE_DATA_SET
* Sat Apr  1 02:31:06 UTC 2023 BUILD_DATA_SET
* Sun Apr  2 02:30:14 UTC 2023 SCRAPE_DATA_SET
* Sun Apr  2 02:30:55 UTC 2023 BUILD_DATA_SET
* Mon Apr  3 02:28:14 UTC 2023 SCRAPE_DATA_SET
* Mon Apr  3 02:28:52 UTC 2023 BUILD_DATA_SET
* Tue Apr  4 02:31:40 UTC 2023 SCRAPE_DATA_SET
* Tue Apr  4 02:31:57 UTC 2023 BUILD_DATA_SET
* Wed Apr  5 02:21:10 UTC 2023 SCRAPE_DATA_SET
* Wed Apr  5 02:21:21 UTC 2023 BUILD_DATA_SET
* Thu Apr  6 02:29:29 UTC 2023 SCRAPE_DATA_SET
* Thu Apr  6 02:29:58 UTC 2023 BUILD_DATA_SET
* Fri Apr  7 02:28:25 UTC 2023 SCRAPE_DATA_SET
* Fri Apr  7 02:29:02 UTC 2023 BUILD_DATA_SET
* Sat Apr  8 02:25:31 UTC 2023 SCRAPE_DATA_SET
* Sat Apr  8 02:26:10 UTC 2023 BUILD_DATA_SET
* Sun Apr  9 02:30:29 UTC 2023 SCRAPE_DATA_SET
* Sun Apr  9 02:31:04 UTC 2023 BUILD_DATA_SET
* Mon Apr 10 02:28:59 UTC 2023 SCRAPE_DATA_SET
* Mon Apr 10 02:29:33 UTC 2023 BUILD_DATA_SET
* Tue Apr 11 02:30:11 UTC 2023 SCRAPE_DATA_SET
* Tue Apr 11 02:30:46 UTC 2023 BUILD_DATA_SET
* Wed Apr 12 02:30:30 UTC 2023 SCRAPE_DATA_SET
* Wed Apr 12 02:31:29 UTC 2023 BUILD_DATA_SET
* Thu Apr 13 02:29:55 UTC 2023 SCRAPE_DATA_SET
* Thu Apr 13 02:30:23 UTC 2023 BUILD_DATA_SET
* Fri Apr 14 02:29:35 UTC 2023 SCRAPE_DATA_SET
* Fri Apr 14 02:30:04 UTC 2023 BUILD_DATA_SET
* Sat Apr 15 02:30:38 UTC 2023 SCRAPE_DATA_SET
* Sat Apr 15 02:31:46 UTC 2023 BUILD_DATA_SET
* Sun Apr 16 02:34:34 UTC 2023 SCRAPE_DATA_SET
* Sun Apr 16 02:34:55 UTC 2023 BUILD_DATA_SET
* Mon Apr 17 02:31:56 UTC 2023 SCRAPE_DATA_SET
* Mon Apr 17 02:32:48 UTC 2023 BUILD_DATA_SET
* Tue Apr 18 02:30:13 UTC 2023 SCRAPE_DATA_SET
* Tue Apr 18 02:30:38 UTC 2023 BUILD_DATA_SET
* Wed Apr 19 02:32:48 UTC 2023 SCRAPE_DATA_SET
* Wed Apr 19 02:33:29 UTC 2023 BUILD_DATA_SET
* Thu Apr 20 02:31:02 UTC 2023 SCRAPE_DATA_SET
* Thu Apr 20 02:31:36 UTC 2023 BUILD_DATA_SET
* Fri Apr 21 02:31:31 UTC 2023 SCRAPE_DATA_SET
* Fri Apr 21 02:32:07 UTC 2023 BUILD_DATA_SET
* Sat Apr 22 02:31:44 UTC 2023 SCRAPE_DATA_SET
* Sat Apr 22 02:32:12 UTC 2023 BUILD_DATA_SET
* Sun Apr 23 02:38:16 UTC 2023 BUILD_DATA_SET
* Mon Apr 24 02:33:25 UTC 2023 SCRAPE_DATA_SET
* Mon Apr 24 02:33:46 UTC 2023 BUILD_DATA_SET
* Tue Apr 25 02:32:08 UTC 2023 SCRAPE_DATA_SET
* Tue Apr 25 02:32:52 UTC 2023 BUILD_DATA_SET
* Wed Apr 26 02:32:04 UTC 2023 SCRAPE_DATA_SET
* Wed Apr 26 02:32:49 UTC 2023 BUILD_DATA_SET
* Thu Apr 27 02:32:12 UTC 2023 SCRAPE_DATA_SET
* Thu Apr 27 02:33:05 UTC 2023 BUILD_DATA_SET
* Fri Apr 28 02:32:36 UTC 2023 SCRAPE_DATA_SET
* Fri Apr 28 02:33:20 UTC 2023 BUILD_DATA_SET
* Sat Apr 29 02:30:23 UTC 2023 SCRAPE_DATA_SET
* Sat Apr 29 02:30:47 UTC 2023 BUILD_DATA_SET
* Sun Apr 30 02:31:19 UTC 2023 SCRAPE_DATA_SET
* Sun Apr 30 02:31:52 UTC 2023 BUILD_DATA_SET
* Mon May  1 02:32:42 UTC 2023 SCRAPE_DATA_SET
* Mon May  1 02:33:34 UTC 2023 BUILD_DATA_SET
* Tue May  2 02:32:06 UTC 2023 SCRAPE_DATA_SET
* Wed May  3 02:30:15 UTC 2023 SCRAPE_DATA_SET
* Wed May  3 02:31:04 UTC 2023 BUILD_DATA_SET
* Thu May  4 02:30:17 UTC 2023 SCRAPE_DATA_SET
* Thu May  4 02:31:04 UTC 2023 BUILD_DATA_SET
* Fri May  5 02:29:06 UTC 2023 SCRAPE_DATA_SET
* Fri May  5 02:29:49 UTC 2023 BUILD_DATA_SET
* Sat May  6 02:27:34 UTC 2023 SCRAPE_DATA_SET
* Sat May  6 02:28:16 UTC 2023 BUILD_DATA_SET
* Sun May  7 02:36:01 UTC 2023 SCRAPE_DATA_SET
* Sun May  7 02:36:28 UTC 2023 BUILD_DATA_SET
* Mon May  8 02:32:31 UTC 2023 SCRAPE_DATA_SET
* Mon May  8 02:33:04 UTC 2023 BUILD_DATA_SET
* Tue May  9 02:32:31 UTC 2023 SCRAPE_DATA_SET
* Tue May  9 02:33:06 UTC 2023 BUILD_DATA_SET
* Wed May 10 02:30:27 UTC 2023 SCRAPE_DATA_SET
* Wed May 10 02:31:04 UTC 2023 BUILD_DATA_SET
* Thu May 11 02:30:38 UTC 2023 SCRAPE_DATA_SET
* Thu May 11 02:31:20 UTC 2023 BUILD_DATA_SET
* Fri May 12 02:29:38 UTC 2023 SCRAPE_DATA_SET
* Fri May 12 02:30:18 UTC 2023 BUILD_DATA_SET
* Sat May 13 02:29:16 UTC 2023 SCRAPE_DATA_SET
* Sat May 13 02:29:56 UTC 2023 BUILD_DATA_SET
* Sun May 14 02:32:50 UTC 2023 SCRAPE_DATA_SET
* Sun May 14 02:33:10 UTC 2023 BUILD_DATA_SET
* Mon May 15 02:34:11 UTC 2023 SCRAPE_DATA_SET
* Mon May 15 02:34:55 UTC 2023 BUILD_DATA_SET
* Tue May 16 02:32:45 UTC 2023 SCRAPE_DATA_SET
* Tue May 16 02:33:30 UTC 2023 BUILD_DATA_SET
* Wed May 17 02:32:45 UTC 2023 SCRAPE_DATA_SET
* Wed May 17 02:33:15 UTC 2023 BUILD_DATA_SET
* Thu May 18 02:31:39 UTC 2023 SCRAPE_DATA_SET
* Thu May 18 02:32:06 UTC 2023 BUILD_DATA_SET
* Fri May 19 02:32:18 UTC 2023 SCRAPE_DATA_SET
* Fri May 19 02:33:05 UTC 2023 BUILD_DATA_SET
* Sat May 20 02:29:49 UTC 2023 SCRAPE_DATA_SET
* Sat May 20 02:30:26 UTC 2023 BUILD_DATA_SET
* Sun May 21 02:36:13 UTC 2023 SCRAPE_DATA_SET
* Sun May 21 02:36:56 UTC 2023 BUILD_DATA_SET
* Mon May 22 02:36:44 UTC 2023 SCRAPE_DATA_SET
* Mon May 22 02:37:31 UTC 2023 BUILD_DATA_SET
* Tue May 23 02:33:17 UTC 2023 SCRAPE_DATA_SET
* Tue May 23 02:33:54 UTC 2023 BUILD_DATA_SET
* Wed May 24 02:35:00 UTC 2023 SCRAPE_DATA_SET
* Wed May 24 02:35:34 UTC 2023 BUILD_DATA_SET
* Thu May 25 02:33:00 UTC 2023 SCRAPE_DATA_SET
* Thu May 25 02:33:17 UTC 2023 BUILD_DATA_SET
* Fri May 26 02:32:12 UTC 2023 SCRAPE_DATA_SET
* Fri May 26 02:32:54 UTC 2023 BUILD_DATA_SET
* Sat May 27 02:31:15 UTC 2023 SCRAPE_DATA_SET
* Sat May 27 02:31:40 UTC 2023 BUILD_DATA_SET
* Sun May 28 02:41:36 UTC 2023 SCRAPE_DATA_SET
* Sun May 28 02:41:59 UTC 2023 BUILD_DATA_SET
* Mon May 29 02:37:11 UTC 2023 SCRAPE_DATA_SET
* Mon May 29 02:37:29 UTC 2023 BUILD_DATA_SET
* Tue May 30 02:37:06 UTC 2023 SCRAPE_DATA_SET
* Tue May 30 02:37:35 UTC 2023 BUILD_DATA_SET
* Wed May 31 02:52:37 UTC 2023 SCRAPE_DATA_SET
* Wed May 31 02:53:08 UTC 2023 BUILD_DATA_SET
* Thu Jun  1 03:10:22 UTC 2023 SCRAPE_DATA_SET
* Thu Jun  1 03:11:30 UTC 2023 BUILD_DATA_SET
* Fri Jun  2 02:47:58 UTC 2023 SCRAPE_DATA_SET
* Fri Jun  2 02:48:34 UTC 2023 BUILD_DATA_SET
* Sat Jun  3 02:44:59 UTC 2023 SCRAPE_DATA_SET
* Sat Jun  3 02:45:28 UTC 2023 BUILD_DATA_SET
* Sun Jun  4 03:05:43 UTC 2023 SCRAPE_DATA_SET
* Sun Jun  4 03:06:30 UTC 2023 BUILD_DATA_SET
* Mon Jun  5 02:50:21 UTC 2023 SCRAPE_DATA_SET
* Mon Jun  5 02:50:45 UTC 2023 BUILD_DATA_SET
* Tue Jun  6 02:54:21 UTC 2023 SCRAPE_DATA_SET
* Tue Jun  6 02:54:53 UTC 2023 BUILD_DATA_SET
* Wed Jun  7 02:52:51 UTC 2023 SCRAPE_DATA_SET
* Wed Jun  7 02:53:31 UTC 2023 BUILD_DATA_SET
* Thu Jun  8 02:52:16 UTC 2023 SCRAPE_DATA_SET
* Thu Jun  8 02:52:55 UTC 2023 BUILD_DATA_SET
* Fri Jun  9 02:55:16 UTC 2023 SCRAPE_DATA_SET
* Sat Jun 10 02:43:13 UTC 2023 SCRAPE_DATA_SET
* Sat Jun 10 02:43:52 UTC 2023 BUILD_DATA_SET
* Sun Jun 11 03:01:16 UTC 2023 SCRAPE_DATA_SET
* Sun Jun 11 03:01:47 UTC 2023 BUILD_DATA_SET
* Mon Jun 12 02:53:36 UTC 2023 SCRAPE_DATA_SET
* Mon Jun 12 02:54:17 UTC 2023 BUILD_DATA_SET
* Tue Jun 13 02:40:35 UTC 2023 SCRAPE_DATA_SET
* Tue Jun 13 02:40:43 UTC 2023 BUILD_DATA_SET
* Wed Jun 14 02:39:32 UTC 2023 SCRAPE_DATA_SET
* Wed Jun 14 02:40:03 UTC 2023 BUILD_DATA_SET
* Thu Jun 15 02:39:17 UTC 2023 SCRAPE_DATA_SET
* Thu Jun 15 02:39:44 UTC 2023 BUILD_DATA_SET
* Fri Jun 16 02:39:57 UTC 2023 SCRAPE_DATA_SET
* Fri Jun 16 02:40:25 UTC 2023 BUILD_DATA_SET
* Sat Jun 17 02:35:19 UTC 2023 SCRAPE_DATA_SET
* Sat Jun 17 02:35:53 UTC 2023 BUILD_DATA_SET
* Sun Jun 18 02:52:29 UTC 2023 SCRAPE_DATA_SET
* Sun Jun 18 02:53:26 UTC 2023 BUILD_DATA_SET
* Mon Jun 19 02:41:47 UTC 2023 SCRAPE_DATA_SET
* Mon Jun 19 02:42:13 UTC 2023 BUILD_DATA_SET
* Tue Jun 20 02:36:05 UTC 2023 SCRAPE_DATA_SET
* Tue Jun 20 02:36:44 UTC 2023 BUILD_DATA_SET
* Wed Jun 21 02:36:27 UTC 2023 SCRAPE_DATA_SET
* Wed Jun 21 02:37:03 UTC 2023 BUILD_DATA_SET
* Thu Jun 22 02:41:00 UTC 2023 SCRAPE_DATA_SET
* Thu Jun 22 02:41:26 UTC 2023 BUILD_DATA_SET
* Fri Jun 23 02:59:18 UTC 2023 SCRAPE_DATA_SET
* Fri Jun 23 02:59:31 UTC 2023 BUILD_DATA_SET
* Sat Jun 24 02:57:46 UTC 2023 SCRAPE_DATA_SET
* Sat Jun 24 02:58:18 UTC 2023 BUILD_DATA_SET
* Sun Jun 25 03:11:03 UTC 2023 SCRAPE_DATA_SET
* Sun Jun 25 03:11:57 UTC 2023 BUILD_DATA_SET
* Mon Jun 26 03:04:01 UTC 2023 SCRAPE_DATA_SET
* Mon Jun 26 03:04:30 UTC 2023 BUILD_DATA_SET
* Tue Jun 27 02:59:21 UTC 2023 SCRAPE_DATA_SET
* Tue Jun 27 03:00:13 UTC 2023 BUILD_DATA_SET
* Wed Jun 28 02:57:32 UTC 2023 SCRAPE_DATA_SET
* Wed Jun 28 02:57:52 UTC 2023 BUILD_DATA_SET
* Thu Jun 29 02:54:22 UTC 2023 SCRAPE_DATA_SET
* Thu Jun 29 02:54:50 UTC 2023 BUILD_DATA_SET
* Fri Jun 30 02:51:05 UTC 2023 SCRAPE_DATA_SET
* Fri Jun 30 02:51:46 UTC 2023 BUILD_DATA_SET
* Sat Jul  1 03:06:12 UTC 2023 SCRAPE_DATA_SET
* Sat Jul  1 03:07:14 UTC 2023 BUILD_DATA_SET
* Sun Jul  2 03:02:16 UTC 2023 SCRAPE_DATA_SET
* Sun Jul  2 03:03:08 UTC 2023 BUILD_DATA_SET
* Mon Jul  3 02:57:09 UTC 2023 SCRAPE_DATA_SET
* Mon Jul  3 02:57:46 UTC 2023 BUILD_DATA_SET
* Tue Jul  4 02:59:08 UTC 2023 SCRAPE_DATA_SET
* Tue Jul  4 02:59:50 UTC 2023 BUILD_DATA_SET
* Wed Jul  5 02:58:18 UTC 2023 SCRAPE_DATA_SET
* Wed Jul  5 02:59:19 UTC 2023 BUILD_DATA_SET
* Thu Jul  6 03:00:21 UTC 2023 SCRAPE_DATA_SET
* Thu Jul  6 03:01:00 UTC 2023 BUILD_DATA_SET
* Fri Jul  7 02:57:26 UTC 2023 SCRAPE_DATA_SET
* Fri Jul  7 02:57:56 UTC 2023 BUILD_DATA_SET
* Sat Jul  8 02:57:59 UTC 2023 SCRAPE_DATA_SET
* Sat Jul  8 02:58:43 UTC 2023 BUILD_DATA_SET
* Sun Jul  9 03:06:03 UTC 2023 SCRAPE_DATA_SET
* Sun Jul  9 03:06:40 UTC 2023 BUILD_DATA_SET
* Mon Jul 10 03:00:51 UTC 2023 SCRAPE_DATA_SET
* Mon Jul 10 03:01:30 UTC 2023 BUILD_DATA_SET
* Tue Jul 11 02:50:23 UTC 2023 SCRAPE_DATA_SET
* Tue Jul 11 02:51:12 UTC 2023 BUILD_DATA_SET
* Wed Jul 12 02:55:51 UTC 2023 SCRAPE_DATA_SET
* Wed Jul 12 02:56:36 UTC 2023 BUILD_DATA_SET
* Thu Jul 13 02:59:39 UTC 2023 SCRAPE_DATA_SET
* Thu Jul 13 03:00:10 UTC 2023 BUILD_DATA_SET
* Fri Jul 14 02:58:36 UTC 2023 SCRAPE_DATA_SET
* Fri Jul 14 02:59:16 UTC 2023 BUILD_DATA_SET
* Sat Jul 15 03:00:54 UTC 2023 SCRAPE_DATA_SET
* Sat Jul 15 03:03:09 UTC 2023 BUILD_DATA_SET
* Sun Jul 16 03:09:31 UTC 2023 SCRAPE_DATA_SET
* Sun Jul 16 03:10:05 UTC 2023 BUILD_DATA_SET
* Mon Jul 17 03:03:14 UTC 2023 SCRAPE_DATA_SET
* Mon Jul 17 03:03:50 UTC 2023 BUILD_DATA_SET
* Tue Jul 18 02:59:53 UTC 2023 SCRAPE_DATA_SET
* Tue Jul 18 03:00:07 UTC 2023 BUILD_DATA_SET
* Wed Jul 19 03:42:39 UTC 2023 SCRAPE_DATA_SET
* Wed Jul 19 03:43:01 UTC 2023 BUILD_DATA_SET
* Thu Jul 20 02:32:36 UTC 2023 SCRAPE_DATA_SET
* Thu Jul 20 02:33:25 UTC 2023 BUILD_DATA_SET
* Fri Jul 21 02:34:09 UTC 2023 SCRAPE_DATA_SET
* Fri Jul 21 02:34:43 UTC 2023 BUILD_DATA_SET
* Sat Jul 22 02:31:23 UTC 2023 SCRAPE_DATA_SET
* Sat Jul 22 02:32:01 UTC 2023 BUILD_DATA_SET
* Sun Jul 23 02:36:46 UTC 2023 SCRAPE_DATA_SET
* Sun Jul 23 02:37:22 UTC 2023 BUILD_DATA_SET
* Mon Jul 24 02:34:28 UTC 2023 SCRAPE_DATA_SET
* Mon Jul 24 02:34:46 UTC 2023 BUILD_DATA_SET
* Tue Jul 25 02:45:42 UTC 2023 SCRAPE_DATA_SET
* Tue Jul 25 02:46:05 UTC 2023 BUILD_DATA_SET
* Wed Jul 26 02:35:33 UTC 2023 SCRAPE_DATA_SET
* Wed Jul 26 02:36:17 UTC 2023 BUILD_DATA_SET
* Thu Jul 27 02:25:35 UTC 2023 SCRAPE_DATA_SET
* Thu Jul 27 02:26:03 UTC 2023 BUILD_DATA_SET
* Fri Jul 28 02:28:47 UTC 2023 SCRAPE_DATA_SET
* Fri Jul 28 02:29:25 UTC 2023 BUILD_DATA_SET
* Sat Jul 29 02:25:39 UTC 2023 SCRAPE_DATA_SET
* Sat Jul 29 02:26:18 UTC 2023 BUILD_DATA_SET
* Sun Jul 30 02:28:02 UTC 2023 SCRAPE_DATA_SET
* Sun Jul 30 02:28:41 UTC 2023 BUILD_DATA_SET
* Mon Jul 31 02:31:27 UTC 2023 SCRAPE_DATA_SET
* Mon Jul 31 02:32:00 UTC 2023 BUILD_DATA_SET
* Tue Aug  1 02:35:55 UTC 2023 SCRAPE_DATA_SET
* Tue Aug  1 02:36:33 UTC 2023 BUILD_DATA_SET
* Wed Aug  2 02:25:39 UTC 2023 SCRAPE_DATA_SET
* Wed Aug  2 02:26:09 UTC 2023 BUILD_DATA_SET
* Thu Aug  3 02:27:20 UTC 2023 SCRAPE_DATA_SET
* Thu Aug  3 02:27:56 UTC 2023 BUILD_DATA_SET
* Fri Aug  4 02:28:40 UTC 2023 SCRAPE_DATA_SET
* Fri Aug  4 02:28:58 UTC 2023 BUILD_DATA_SET
* Sat Aug  5 02:25:40 UTC 2023 SCRAPE_DATA_SET
* Sat Aug  5 02:26:24 UTC 2023 BUILD_DATA_SET
* Sun Aug  6 02:22:12 UTC 2023 SCRAPE_DATA_SET
* Sun Aug  6 02:22:41 UTC 2023 BUILD_DATA_SET
* Mon Aug  7 02:29:56 UTC 2023 SCRAPE_DATA_SET
* Mon Aug  7 02:30:16 UTC 2023 BUILD_DATA_SET
* Tue Aug  8 02:28:26 UTC 2023 SCRAPE_DATA_SET
* Tue Aug  8 02:29:04 UTC 2023 BUILD_DATA_SET
* Wed Aug  9 02:28:47 UTC 2023 SCRAPE_DATA_SET
* Wed Aug  9 02:29:37 UTC 2023 BUILD_DATA_SET
* Thu Aug 10 02:33:47 UTC 2023 SCRAPE_DATA_SET
* Thu Aug 10 02:34:26 UTC 2023 BUILD_DATA_SET
* Fri Aug 11 02:17:22 UTC 2023 SCRAPE_DATA_SET
* Fri Aug 11 02:18:02 UTC 2023 BUILD_DATA_SET
* Sat Aug 12 02:15:56 UTC 2023 SCRAPE_DATA_SET
* Sat Aug 12 02:16:34 UTC 2023 BUILD_DATA_SET
* Sun Aug 13 02:17:54 UTC 2023 SCRAPE_DATA_SET
* Sun Aug 13 02:18:04 UTC 2023 BUILD_DATA_SET
* Mon Aug 14 02:18:26 UTC 2023 SCRAPE_DATA_SET
* Mon Aug 14 02:18:57 UTC 2023 BUILD_DATA_SET
* Tue Aug 15 02:17:48 UTC 2023 SCRAPE_DATA_SET
* Tue Aug 15 02:18:44 UTC 2023 BUILD_DATA_SET
* Wed Aug 16 02:17:59 UTC 2023 SCRAPE_DATA_SET
* Wed Aug 16 02:18:43 UTC 2023 BUILD_DATA_SET
* Thu Aug 17 02:16:48 UTC 2023 SCRAPE_DATA_SET
* Thu Aug 17 02:17:34 UTC 2023 BUILD_DATA_SET
* Fri Aug 18 02:17:49 UTC 2023 SCRAPE_DATA_SET
* Fri Aug 18 02:18:44 UTC 2023 BUILD_DATA_SET
* Sat Aug 19 02:14:51 UTC 2023 SCRAPE_DATA_SET
* Sat Aug 19 02:15:43 UTC 2023 BUILD_DATA_SET
* Sun Aug 20 02:17:25 UTC 2023 SCRAPE_DATA_SET
* Sun Aug 20 02:17:47 UTC 2023 BUILD_DATA_SET
* Mon Aug 21 02:17:55 UTC 2023 SCRAPE_DATA_SET
* Mon Aug 21 02:18:37 UTC 2023 BUILD_DATA_SET
* Tue Aug 22 02:18:51 UTC 2023 SCRAPE_DATA_SET
* Tue Aug 22 02:19:01 UTC 2023 BUILD_DATA_SET
* Wed Aug 23 02:17:55 UTC 2023 SCRAPE_DATA_SET
* Wed Aug 23 02:18:21 UTC 2023 BUILD_DATA_SET
* Thu Aug 24 02:18:32 UTC 2023 SCRAPE_DATA_SET
* Thu Aug 24 02:18:57 UTC 2023 BUILD_DATA_SET
* Fri Aug 25 02:19:25 UTC 2023 SCRAPE_DATA_SET
* Fri Aug 25 02:20:06 UTC 2023 BUILD_DATA_SET
* Sat Aug 26 02:16:44 UTC 2023 SCRAPE_DATA_SET
* Sat Aug 26 02:17:07 UTC 2023 BUILD_DATA_SET
* Sun Aug 27 02:19:35 UTC 2023 SCRAPE_DATA_SET
* Sun Aug 27 02:20:05 UTC 2023 BUILD_DATA_SET
* Mon Aug 28 02:19:41 UTC 2023 SCRAPE_DATA_SET
* Mon Aug 28 02:20:10 UTC 2023 BUILD_DATA_SET
* Tue Aug 29 02:49:01 UTC 2023 SCRAPE_DATA_SET
* Tue Aug 29 02:49:23 UTC 2023 BUILD_DATA_SET
* Wed Aug 30 02:18:56 UTC 2023 SCRAPE_DATA_SET
* Wed Aug 30 02:19:25 UTC 2023 BUILD_DATA_SET
* Thu Aug 31 02:19:31 UTC 2023 SCRAPE_DATA_SET
* Thu Aug 31 02:20:04 UTC 2023 BUILD_DATA_SET
* Fri Sep  1 02:23:42 UTC 2023 SCRAPE_DATA_SET
* Fri Sep  1 02:24:18 UTC 2023 BUILD_DATA_SET
* Sat Sep  2 02:16:30 UTC 2023 SCRAPE_DATA_SET
* Sat Sep  2 02:17:08 UTC 2023 BUILD_DATA_SET
* Sun Sep  3 02:19:51 UTC 2023 SCRAPE_DATA_SET
* Sun Sep  3 02:20:26 UTC 2023 BUILD_DATA_SET
* Mon Sep  4 02:19:58 UTC 2023 SCRAPE_DATA_SET
* Mon Sep  4 02:20:41 UTC 2023 BUILD_DATA_SET
* Tue Sep  5 02:18:26 UTC 2023 SCRAPE_DATA_SET
* Tue Sep  5 02:19:07 UTC 2023 BUILD_DATA_SET
* Wed Sep  6 02:19:09 UTC 2023 SCRAPE_DATA_SET
* Wed Sep  6 02:19:45 UTC 2023 BUILD_DATA_SET
* Thu Sep  7 02:19:04 UTC 2023 SCRAPE_DATA_SET
* Thu Sep  7 02:19:40 UTC 2023 BUILD_DATA_SET
* Fri Sep  8 02:19:44 UTC 2023 SCRAPE_DATA_SET
* Fri Sep  8 02:20:12 UTC 2023 BUILD_DATA_SET
* Sat Sep  9 02:17:04 UTC 2023 SCRAPE_DATA_SET
* Sat Sep  9 02:17:45 UTC 2023 BUILD_DATA_SET
* Sun Sep 10 02:21:30 UTC 2023 SCRAPE_DATA_SET
* Mon Sep 11 02:20:28 UTC 2023 SCRAPE_DATA_SET
* Mon Sep 11 02:20:45 UTC 2023 BUILD_DATA_SET
* Tue Sep 12 02:18:56 UTC 2023 SCRAPE_DATA_SET
* Tue Sep 12 02:19:35 UTC 2023 BUILD_DATA_SET
* Wed Sep 13 02:19:58 UTC 2023 SCRAPE_DATA_SET
* Wed Sep 13 02:20:37 UTC 2023 BUILD_DATA_SET
* Thu Sep 14 02:19:41 UTC 2023 SCRAPE_DATA_SET
* Thu Sep 14 02:20:02 UTC 2023 BUILD_DATA_SET
* Fri Sep 15 02:21:11 UTC 2023 SCRAPE_DATA_SET
* Fri Sep 15 02:21:36 UTC 2023 BUILD_DATA_SET
* Sat Sep 16 02:17:38 UTC 2023 SCRAPE_DATA_SET
* Sat Sep 16 02:18:20 UTC 2023 BUILD_DATA_SET
* Sun Sep 17 02:20:49 UTC 2023 SCRAPE_DATA_SET
* Sun Sep 17 02:21:36 UTC 2023 BUILD_DATA_SET
* Mon Sep 18 02:20:12 UTC 2023 SCRAPE_DATA_SET
* Mon Sep 18 02:20:43 UTC 2023 BUILD_DATA_SET
* Tue Sep 19 02:21:06 UTC 2023 SCRAPE_DATA_SET
* Tue Sep 19 02:21:50 UTC 2023 BUILD_DATA_SET
* Wed Sep 20 02:19:58 UTC 2023 SCRAPE_DATA_SET
* Wed Sep 20 02:20:24 UTC 2023 BUILD_DATA_SET
* Thu Sep 21 02:19:24 UTC 2023 SCRAPE_DATA_SET
* Thu Sep 21 02:19:49 UTC 2023 BUILD_DATA_SET
* Fri Sep 22 02:20:27 UTC 2023 SCRAPE_DATA_SET
* Fri Sep 22 02:21:10 UTC 2023 BUILD_DATA_SET
* Sat Sep 23 02:17:36 UTC 2023 SCRAPE_DATA_SET
* Sat Sep 23 02:18:11 UTC 2023 BUILD_DATA_SET
* Sun Sep 24 02:21:03 UTC 2023 SCRAPE_DATA_SET
* Sun Sep 24 02:21:41 UTC 2023 BUILD_DATA_SET
* Mon Sep 25 02:21:32 UTC 2023 SCRAPE_DATA_SET
* Mon Sep 25 02:21:50 UTC 2023 BUILD_DATA_SET
* Tue Sep 26 02:20:40 UTC 2023 SCRAPE_DATA_SET
* Tue Sep 26 02:21:27 UTC 2023 BUILD_DATA_SET
* Wed Sep 27 02:20:31 UTC 2023 SCRAPE_DATA_SET
* Wed Sep 27 02:21:15 UTC 2023 BUILD_DATA_SET
* Thu Sep 28 02:20:02 UTC 2023 SCRAPE_DATA_SET
* Thu Sep 28 02:20:39 UTC 2023 BUILD_DATA_SET
* Fri Sep 29 02:20:30 UTC 2023 SCRAPE_DATA_SET
* Fri Sep 29 02:21:12 UTC 2023 BUILD_DATA_SET
* Sat Sep 30 02:18:20 UTC 2023 SCRAPE_DATA_SET
* Sat Sep 30 02:19:04 UTC 2023 BUILD_DATA_SET
* Sun Oct  1 02:26:11 UTC 2023 SCRAPE_DATA_SET
* Sun Oct  1 02:26:44 UTC 2023 BUILD_DATA_SET
* Mon Oct  2 02:21:30 UTC 2023 SCRAPE_DATA_SET
* Mon Oct  2 02:22:02 UTC 2023 BUILD_DATA_SET
* Tue Oct  3 02:21:04 UTC 2023 SCRAPE_DATA_SET
* Tue Oct  3 02:21:33 UTC 2023 BUILD_DATA_SET
* Wed Oct  4 02:22:08 UTC 2023 SCRAPE_DATA_SET
* Wed Oct  4 02:22:27 UTC 2023 BUILD_DATA_SET
* Thu Oct  5 02:23:30 UTC 2023 SCRAPE_DATA_SET
* Fri Oct  6 02:21:06 UTC 2023 SCRAPE_DATA_SET
* Fri Oct  6 02:21:57 UTC 2023 BUILD_DATA_SET
* Sat Oct  7 02:19:09 UTC 2023 SCRAPE_DATA_SET
* Sat Oct  7 02:19:47 UTC 2023 BUILD_DATA_SET
* Sun Oct  8 02:22:30 UTC 2023 SCRAPE_DATA_SET
* Sun Oct  8 02:23:35 UTC 2023 BUILD_DATA_SET
* Mon Oct  9 02:20:54 UTC 2023 SCRAPE_DATA_SET
* Mon Oct  9 02:21:26 UTC 2023 BUILD_DATA_SET
* Tue Oct 10 02:20:44 UTC 2023 SCRAPE_DATA_SET
* Tue Oct 10 02:21:10 UTC 2023 BUILD_DATA_SET
* Wed Oct 11 02:20:40 UTC 2023 SCRAPE_DATA_SET
* Wed Oct 11 02:21:09 UTC 2023 BUILD_DATA_SET
* Thu Oct 12 02:19:23 UTC 2023 SCRAPE_DATA_SET
* Thu Oct 12 02:19:54 UTC 2023 BUILD_DATA_SET
* Fri Oct 13 02:24:44 UTC 2023 SCRAPE_DATA_SET
* Fri Oct 13 02:25:00 UTC 2023 BUILD_DATA_SET
* Sat Oct 14 02:18:21 UTC 2023 SCRAPE_DATA_SET
* Sat Oct 14 02:18:54 UTC 2023 BUILD_DATA_SET
* Sun Oct 15 02:23:14 UTC 2023 SCRAPE_DATA_SET
* Sun Oct 15 02:23:57 UTC 2023 BUILD_DATA_SET
* Mon Oct 16 02:23:08 UTC 2023 SCRAPE_DATA_SET
* Mon Oct 16 02:24:03 UTC 2023 BUILD_DATA_SET
* Tue Oct 17 02:21:50 UTC 2023 SCRAPE_DATA_SET
* Tue Oct 17 02:22:18 UTC 2023 BUILD_DATA_SET
* Wed Oct 18 02:21:34 UTC 2023 SCRAPE_DATA_SET
* Wed Oct 18 02:22:05 UTC 2023 BUILD_DATA_SET
* Thu Oct 19 02:21:02 UTC 2023 SCRAPE_DATA_SET
* Thu Oct 19 02:21:36 UTC 2023 BUILD_DATA_SET
* Fri Oct 20 02:21:06 UTC 2023 SCRAPE_DATA_SET
* Fri Oct 20 02:21:27 UTC 2023 BUILD_DATA_SET
* Sat Oct 21 02:18:14 UTC 2023 SCRAPE_DATA_SET
* Sat Oct 21 02:19:09 UTC 2023 BUILD_DATA_SET
* Sun Oct 22 02:23:29 UTC 2023 SCRAPE_DATA_SET
* Sun Oct 22 02:24:08 UTC 2023 BUILD_DATA_SET
* Mon Oct 23 02:21:57 UTC 2023 SCRAPE_DATA_SET
* Mon Oct 23 02:22:33 UTC 2023 BUILD_DATA_SET
* Tue Oct 24 02:21:26 UTC 2023 SCRAPE_DATA_SET
* Tue Oct 24 02:21:51 UTC 2023 BUILD_DATA_SET
* Wed Oct 25 02:20:48 UTC 2023 SCRAPE_DATA_SET
* Wed Oct 25 02:21:12 UTC 2023 BUILD_DATA_SET
* Thu Oct 26 02:19:41 UTC 2023 SCRAPE_DATA_SET
* Thu Oct 26 02:20:18 UTC 2023 BUILD_DATA_SET
* Fri Oct 27 02:19:44 UTC 2023 SCRAPE_DATA_SET
* Fri Oct 27 02:20:10 UTC 2023 BUILD_DATA_SET
* Sat Oct 28 02:18:08 UTC 2023 SCRAPE_DATA_SET
* Sat Oct 28 02:18:53 UTC 2023 BUILD_DATA_SET
* Sun Oct 29 02:22:31 UTC 2023 SCRAPE_DATA_SET
* Sun Oct 29 02:22:53 UTC 2023 BUILD_DATA_SET
* Mon Oct 30 02:22:25 UTC 2023 SCRAPE_DATA_SET
* Mon Oct 30 02:22:47 UTC 2023 BUILD_DATA_SET
* Tue Oct 31 02:21:43 UTC 2023 SCRAPE_DATA_SET
* Tue Oct 31 02:22:16 UTC 2023 BUILD_DATA_SET
* Wed Nov  1 02:24:52 UTC 2023 SCRAPE_DATA_SET
* Wed Nov  1 02:25:30 UTC 2023 BUILD_DATA_SET
* Thu Nov  2 02:21:01 UTC 2023 SCRAPE_DATA_SET
* Thu Nov  2 02:21:35 UTC 2023 BUILD_DATA_SET
* Fri Nov  3 02:22:20 UTC 2023 SCRAPE_DATA_SET
* Fri Nov  3 02:22:35 UTC 2023 BUILD_DATA_SET
* Sat Nov  4 02:20:29 UTC 2023 SCRAPE_DATA_SET
* Sat Nov  4 02:20:54 UTC 2023 BUILD_DATA_SET
* Sun Nov  5 02:24:40 UTC 2023 SCRAPE_DATA_SET
* Sun Nov  5 02:25:05 UTC 2023 BUILD_DATA_SET
* Mon Nov  6 02:25:14 UTC 2023 SCRAPE_DATA_SET
* Mon Nov  6 02:25:57 UTC 2023 BUILD_DATA_SET
* Tue Nov  7 02:23:53 UTC 2023 SCRAPE_DATA_SET
* Tue Nov  7 02:24:31 UTC 2023 BUILD_DATA_SET
* Wed Nov  8 02:22:56 UTC 2023 SCRAPE_DATA_SET
* Wed Nov  8 02:23:14 UTC 2023 BUILD_DATA_SET
* Thu Nov  9 02:22:51 UTC 2023 SCRAPE_DATA_SET
* Thu Nov  9 02:24:15 UTC 2023 BUILD_DATA_SET
* Fri Nov 10 02:23:02 UTC 2023 SCRAPE_DATA_SET
* Fri Nov 10 02:23:44 UTC 2023 BUILD_DATA_SET
* Sat Nov 11 02:51:37 UTC 2023 SCRAPE_DATA_SET
* Sat Nov 11 02:52:21 UTC 2023 BUILD_DATA_SET
* Sun Nov 12 02:25:27 UTC 2023 SCRAPE_DATA_SET
* Sun Nov 12 02:26:12 UTC 2023 BUILD_DATA_SET
* Mon Nov 13 02:25:30 UTC 2023 SCRAPE_DATA_SET
* Mon Nov 13 02:26:21 UTC 2023 BUILD_DATA_SET
* Tue Nov 14 02:24:01 UTC 2023 SCRAPE_DATA_SET
* Tue Nov 14 02:24:40 UTC 2023 BUILD_DATA_SET
* Wed Nov 15 02:26:34 UTC 2023 SCRAPE_DATA_SET
* Wed Nov 15 02:27:08 UTC 2023 BUILD_DATA_SET
* Thu Nov 16 02:27:10 UTC 2023 SCRAPE_DATA_SET
* Thu Nov 16 02:27:54 UTC 2023 BUILD_DATA_SET
* Fri Nov 17 02:27:04 UTC 2023 SCRAPE_DATA_SET
* Fri Nov 17 02:27:18 UTC 2023 BUILD_DATA_SET
* Sat Nov 18 02:25:01 UTC 2023 SCRAPE_DATA_SET
* Sat Nov 18 02:25:33 UTC 2023 BUILD_DATA_SET
* Sun Nov 19 02:28:43 UTC 2023 SCRAPE_DATA_SET
* Sun Nov 19 02:29:14 UTC 2023 BUILD_DATA_SET
* Mon Nov 20 02:27:48 UTC 2023 SCRAPE_DATA_SET
* Mon Nov 20 02:28:21 UTC 2023 BUILD_DATA_SET
* Tue Nov 21 02:30:20 UTC 2023 SCRAPE_DATA_SET
* Tue Nov 21 02:30:43 UTC 2023 BUILD_DATA_SET
* Wed Nov 22 02:29:34 UTC 2023 SCRAPE_DATA_SET
* Wed Nov 22 02:30:29 UTC 2023 BUILD_DATA_SET
* Thu Nov 23 02:26:20 UTC 2023 SCRAPE_DATA_SET
* Thu Nov 23 02:26:43 UTC 2023 BUILD_DATA_SET
* Fri Nov 24 02:24:41 UTC 2023 SCRAPE_DATA_SET
* Fri Nov 24 02:25:09 UTC 2023 BUILD_DATA_SET
* Sat Nov 25 02:22:11 UTC 2023 SCRAPE_DATA_SET
* Sat Nov 25 02:22:48 UTC 2023 BUILD_DATA_SET
* Sun Nov 26 02:27:30 UTC 2023 SCRAPE_DATA_SET
* Sun Nov 26 02:27:57 UTC 2023 BUILD_DATA_SET
* Mon Nov 27 02:26:47 UTC 2023 SCRAPE_DATA_SET
* Mon Nov 27 02:27:39 UTC 2023 BUILD_DATA_SET
* Tue Nov 28 02:28:06 UTC 2023 SCRAPE_DATA_SET
* Tue Nov 28 02:28:33 UTC 2023 BUILD_DATA_SET
* Wed Nov 29 02:26:46 UTC 2023 SCRAPE_DATA_SET
* Wed Nov 29 02:27:16 UTC 2023 BUILD_DATA_SET
* Thu Nov 30 02:27:22 UTC 2023 SCRAPE_DATA_SET
* Thu Nov 30 02:28:00 UTC 2023 BUILD_DATA_SET
* Fri Dec  1 02:32:23 UTC 2023 SCRAPE_DATA_SET
* Fri Dec  1 02:32:58 UTC 2023 BUILD_DATA_SET
* Sat Dec  2 02:22:53 UTC 2023 SCRAPE_DATA_SET
* Sat Dec  2 02:23:12 UTC 2023 BUILD_DATA_SET
* Sun Dec  3 02:27:15 UTC 2023 SCRAPE_DATA_SET
* Sun Dec  3 02:28:03 UTC 2023 BUILD_DATA_SET
* Mon Dec  4 02:28:08 UTC 2023 SCRAPE_DATA_SET
* Mon Dec  4 02:28:52 UTC 2023 BUILD_DATA_SET
* Tue Dec  5 02:28:27 UTC 2023 SCRAPE_DATA_SET
* Tue Dec  5 02:29:07 UTC 2023 BUILD_DATA_SET
* Wed Dec  6 02:27:32 UTC 2023 SCRAPE_DATA_SET
* Wed Dec  6 02:28:15 UTC 2023 BUILD_DATA_SET
* Thu Dec  7 02:27:43 UTC 2023 SCRAPE_DATA_SET
* Thu Dec  7 02:28:10 UTC 2023 BUILD_DATA_SET
* Fri Dec  8 02:27:58 UTC 2023 SCRAPE_DATA_SET
* Fri Dec  8 02:28:44 UTC 2023 BUILD_DATA_SET
* Sat Dec  9 02:24:23 UTC 2023 SCRAPE_DATA_SET
* Sat Dec  9 02:25:02 UTC 2023 BUILD_DATA_SET
* Sun Dec 10 02:28:54 UTC 2023 SCRAPE_DATA_SET
* Sun Dec 10 02:29:34 UTC 2023 BUILD_DATA_SET
* Mon Dec 11 02:28:08 UTC 2023 SCRAPE_DATA_SET
* Mon Dec 11 02:28:46 UTC 2023 BUILD_DATA_SET
* Tue Dec 12 02:28:22 UTC 2023 SCRAPE_DATA_SET
* Tue Dec 12 02:29:04 UTC 2023 BUILD_DATA_SET
* Wed Dec 13 02:27:52 UTC 2023 SCRAPE_DATA_SET
* Wed Dec 13 02:28:38 UTC 2023 BUILD_DATA_SET
* Thu Dec 14 02:26:22 UTC 2023 SCRAPE_DATA_SET
* Thu Dec 14 02:27:04 UTC 2023 BUILD_DATA_SET
* Fri Dec 15 02:28:32 UTC 2023 SCRAPE_DATA_SET
* Fri Dec 15 02:29:10 UTC 2023 BUILD_DATA_SET
* Sat Dec 16 02:25:03 UTC 2023 SCRAPE_DATA_SET
* Sat Dec 16 02:25:44 UTC 2023 BUILD_DATA_SET
* Sun Dec 17 02:28:44 UTC 2023 SCRAPE_DATA_SET
* Sun Dec 17 02:29:35 UTC 2023 BUILD_DATA_SET
* Mon Dec 18 02:28:02 UTC 2023 SCRAPE_DATA_SET
* Mon Dec 18 02:28:34 UTC 2023 BUILD_DATA_SET
* Tue Dec 19 02:27:04 UTC 2023 SCRAPE_DATA_SET
* Tue Dec 19 02:27:41 UTC 2023 BUILD_DATA_SET
* Wed Dec 20 02:12:42 UTC 2023 SCRAPE_DATA_SET
* Wed Dec 20 02:13:25 UTC 2023 BUILD_DATA_SET
* Thu Dec 21 02:25:56 UTC 2023 SCRAPE_DATA_SET
* Thu Dec 21 02:26:36 UTC 2023 BUILD_DATA_SET
* Fri Dec 22 02:24:52 UTC 2023 SCRAPE_DATA_SET
* Fri Dec 22 02:25:44 UTC 2023 BUILD_DATA_SET
* Sat Dec 23 02:21:45 UTC 2023 SCRAPE_DATA_SET
* Sat Dec 23 02:22:06 UTC 2023 BUILD_DATA_SET
* Sun Dec 24 02:26:50 UTC 2023 SCRAPE_DATA_SET
* Sun Dec 24 02:27:39 UTC 2023 BUILD_DATA_SET
* Mon Dec 25 02:26:29 UTC 2023 SCRAPE_DATA_SET
* Mon Dec 25 02:27:21 UTC 2023 BUILD_DATA_SET
* Tue Dec 26 02:23:18 UTC 2023 SCRAPE_DATA_SET
* Tue Dec 26 02:24:05 UTC 2023 BUILD_DATA_SET
* Wed Dec 27 02:23:55 UTC 2023 SCRAPE_DATA_SET
* Wed Dec 27 02:24:37 UTC 2023 BUILD_DATA_SET
* Thu Dec 28 02:23:43 UTC 2023 SCRAPE_DATA_SET
* Thu Dec 28 02:24:25 UTC 2023 BUILD_DATA_SET
* Fri Dec 29 02:20:37 UTC 2023 SCRAPE_DATA_SET
* Fri Dec 29 02:21:23 UTC 2023 BUILD_DATA_SET
* Sat Dec 30 02:23:47 UTC 2023 SCRAPE_DATA_SET
* Sat Dec 30 02:24:19 UTC 2023 BUILD_DATA_SET
* Sun Dec 31 02:27:23 UTC 2023 SCRAPE_DATA_SET
* Sun Dec 31 02:28:06 UTC 2023 BUILD_DATA_SET
* Mon Jan  1 02:32:15 UTC 2024 SCRAPE_DATA_SET
* Mon Jan  1 02:32:53 UTC 2024 BUILD_DATA_SET
* Tue Jan  2 02:27:16 UTC 2024 SCRAPE_DATA_SET
* Tue Jan  2 02:27:44 UTC 2024 BUILD_DATA_SET
* Wed Jan  3 02:25:22 UTC 2024 SCRAPE_DATA_SET
* Wed Jan  3 02:26:03 UTC 2024 BUILD_DATA_SET
* Thu Jan  4 02:26:22 UTC 2024 SCRAPE_DATA_SET
* Thu Jan  4 02:26:52 UTC 2024 BUILD_DATA_SET
* Fri Jan  5 02:27:17 UTC 2024 SCRAPE_DATA_SET
* Fri Jan  5 02:27:41 UTC 2024 BUILD_DATA_SET
* Sat Jan  6 02:24:55 UTC 2024 SCRAPE_DATA_SET
* Sat Jan  6 02:25:41 UTC 2024 BUILD_DATA_SET
* Sun Jan  7 02:30:27 UTC 2024 SCRAPE_DATA_SET
* Sun Jan  7 02:31:17 UTC 2024 BUILD_DATA_SET
* Mon Jan  8 02:28:35 UTC 2024 SCRAPE_DATA_SET
* Mon Jan  8 02:29:16 UTC 2024 BUILD_DATA_SET
* Tue Jan  9 02:28:46 UTC 2024 SCRAPE_DATA_SET
* Tue Jan  9 02:29:30 UTC 2024 BUILD_DATA_SET
* Wed Jan 10 02:27:42 UTC 2024 SCRAPE_DATA_SET
* Wed Jan 10 02:28:40 UTC 2024 BUILD_DATA_SET
* Thu Jan 11 02:28:49 UTC 2024 SCRAPE_DATA_SET
* Thu Jan 11 02:29:32 UTC 2024 BUILD_DATA_SET
* Fri Jan 12 02:29:20 UTC 2024 SCRAPE_DATA_SET
* Fri Jan 12 02:30:02 UTC 2024 BUILD_DATA_SET
* Sat Jan 13 02:27:22 UTC 2024 SCRAPE_DATA_SET
* Sat Jan 13 02:28:00 UTC 2024 BUILD_DATA_SET
* Sun Jan 14 02:31:25 UTC 2024 SCRAPE_DATA_SET
* Sun Jan 14 02:32:12 UTC 2024 BUILD_DATA_SET
* Mon Jan 15 02:31:49 UTC 2024 SCRAPE_DATA_SET
* Mon Jan 15 02:32:22 UTC 2024 BUILD_DATA_SET
* Tue Jan 16 02:28:50 UTC 2024 SCRAPE_DATA_SET
* Tue Jan 16 02:29:41 UTC 2024 BUILD_DATA_SET
* Wed Jan 17 02:28:57 UTC 2024 SCRAPE_DATA_SET
* Wed Jan 17 02:29:43 UTC 2024 BUILD_DATA_SET
* Thu Jan 18 02:28:43 UTC 2024 SCRAPE_DATA_SET
* Thu Jan 18 02:29:28 UTC 2024 BUILD_DATA_SET
* Fri Jan 19 02:30:00 UTC 2024 SCRAPE_DATA_SET
* Fri Jan 19 02:30:40 UTC 2024 BUILD_DATA_SET
* Sat Jan 20 02:27:15 UTC 2024 SCRAPE_DATA_SET
* Sat Jan 20 02:27:35 UTC 2024 BUILD_DATA_SET
* Sun Jan 21 02:32:02 UTC 2024 SCRAPE_DATA_SET
* Sun Jan 21 02:32:49 UTC 2024 BUILD_DATA_SET
* Mon Jan 22 02:32:43 UTC 2024 SCRAPE_DATA_SET
* Mon Jan 22 02:33:29 UTC 2024 BUILD_DATA_SET
* Tue Jan 23 02:30:22 UTC 2024 SCRAPE_DATA_SET
* Tue Jan 23 02:30:59 UTC 2024 BUILD_DATA_SET
* Wed Jan 24 02:30:02 UTC 2024 SCRAPE_DATA_SET
* Wed Jan 24 02:30:35 UTC 2024 BUILD_DATA_SET
* Thu Jan 25 02:30:47 UTC 2024 SCRAPE_DATA_SET
* Thu Jan 25 02:31:26 UTC 2024 BUILD_DATA_SET
* Fri Jan 26 02:22:02 UTC 2024 SCRAPE_DATA_SET
* Fri Jan 26 02:22:28 UTC 2024 BUILD_DATA_SET
* Sat Jan 27 02:17:29 UTC 2024 SCRAPE_DATA_SET
* Sat Jan 27 02:18:10 UTC 2024 BUILD_DATA_SET
* Sun Jan 28 02:21:12 UTC 2024 SCRAPE_DATA_SET
* Sun Jan 28 02:21:48 UTC 2024 BUILD_DATA_SET
* Mon Jan 29 02:19:51 UTC 2024 SCRAPE_DATA_SET
* Mon Jan 29 02:20:13 UTC 2024 BUILD_DATA_SET
* Tue Jan 30 02:19:20 UTC 2024 SCRAPE_DATA_SET
* Tue Jan 30 02:19:54 UTC 2024 BUILD_DATA_SET
* Wed Jan 31 02:19:56 UTC 2024 SCRAPE_DATA_SET
* Wed Jan 31 02:20:32 UTC 2024 BUILD_DATA_SET
* Thu Feb  1 02:23:36 UTC 2024 SCRAPE_DATA_SET
* Thu Feb  1 02:24:20 UTC 2024 BUILD_DATA_SET
* Fri Feb  2 02:19:20 UTC 2024 SCRAPE_DATA_SET
* Fri Feb  2 02:19:51 UTC 2024 BUILD_DATA_SET
* Sat Feb  3 02:17:09 UTC 2024 SCRAPE_DATA_SET
* Sat Feb  3 02:17:35 UTC 2024 BUILD_DATA_SET
* Sun Feb  4 02:22:53 UTC 2024 SCRAPE_DATA_SET
* Sun Feb  4 02:23:30 UTC 2024 BUILD_DATA_SET
* Mon Feb  5 02:26:31 UTC 2024 SCRAPE_DATA_SET
* Mon Feb  5 02:27:05 UTC 2024 BUILD_DATA_SET
* Tue Feb  6 02:19:24 UTC 2024 SCRAPE_DATA_SET
* Tue Feb  6 02:19:59 UTC 2024 BUILD_DATA_SET
* Wed Feb  7 02:18:54 UTC 2024 SCRAPE_DATA_SET
* Wed Feb  7 02:19:21 UTC 2024 BUILD_DATA_SET
* Thu Feb  8 02:19:16 UTC 2024 SCRAPE_DATA_SET
* Thu Feb  8 02:19:53 UTC 2024 BUILD_DATA_SET
* Fri Feb  9 02:19:00 UTC 2024 SCRAPE_DATA_SET
* Fri Feb  9 02:19:35 UTC 2024 BUILD_DATA_SET
* Sat Feb 10 02:17:26 UTC 2024 SCRAPE_DATA_SET
* Sat Feb 10 02:18:13 UTC 2024 BUILD_DATA_SET
* Sun Feb 11 02:22:12 UTC 2024 SCRAPE_DATA_SET
* Sun Feb 11 02:22:38 UTC 2024 BUILD_DATA_SET
* Mon Feb 12 02:20:39 UTC 2024 SCRAPE_DATA_SET
* Mon Feb 12 02:21:22 UTC 2024 BUILD_DATA_SET
* Tue Feb 13 02:19:40 UTC 2024 SCRAPE_DATA_SET
* Tue Feb 13 02:20:04 UTC 2024 BUILD_DATA_SET
* Wed Feb 14 02:20:00 UTC 2024 SCRAPE_DATA_SET
* Wed Feb 14 02:20:14 UTC 2024 BUILD_DATA_SET
* Thu Feb 15 02:20:17 UTC 2024 SCRAPE_DATA_SET
* Thu Feb 15 02:21:09 UTC 2024 BUILD_DATA_SET
* Fri Feb 16 02:19:28 UTC 2024 SCRAPE_DATA_SET
* Fri Feb 16 02:20:03 UTC 2024 BUILD_DATA_SET
* Sat Feb 17 02:18:21 UTC 2024 SCRAPE_DATA_SET
* Sat Feb 17 02:19:08 UTC 2024 BUILD_DATA_SET
* Sun Feb 18 02:21:20 UTC 2024 SCRAPE_DATA_SET
* Sun Feb 18 02:21:49 UTC 2024 BUILD_DATA_SET
* Mon Feb 19 02:21:11 UTC 2024 SCRAPE_DATA_SET
* Mon Feb 19 02:21:43 UTC 2024 BUILD_DATA_SET
* Tue Feb 20 02:18:42 UTC 2024 SCRAPE_DATA_SET
* Tue Feb 20 02:19:02 UTC 2024 BUILD_DATA_SET
* Wed Feb 21 02:19:13 UTC 2024 SCRAPE_DATA_SET
* Wed Feb 21 02:19:54 UTC 2024 BUILD_DATA_SET
* Thu Feb 22 02:19:19 UTC 2024 SCRAPE_DATA_SET
* Thu Feb 22 02:19:52 UTC 2024 BUILD_DATA_SET
* Fri Feb 23 02:19:47 UTC 2024 SCRAPE_DATA_SET
* Fri Feb 23 02:20:16 UTC 2024 BUILD_DATA_SET
* Sat Feb 24 02:16:52 UTC 2024 SCRAPE_DATA_SET
* Sat Feb 24 02:17:44 UTC 2024 BUILD_DATA_SET
* Sun Feb 25 02:21:54 UTC 2024 SCRAPE_DATA_SET
* Sun Feb 25 02:22:29 UTC 2024 BUILD_DATA_SET
* Mon Feb 26 02:22:56 UTC 2024 SCRAPE_DATA_SET
* Mon Feb 26 02:23:44 UTC 2024 BUILD_DATA_SET
* Tue Feb 27 02:18:29 UTC 2024 SCRAPE_DATA_SET
* Tue Feb 27 02:18:58 UTC 2024 BUILD_DATA_SET
* Wed Feb 28 02:20:18 UTC 2024 SCRAPE_DATA_SET
* Wed Feb 28 02:20:47 UTC 2024 BUILD_DATA_SET
* Thu Feb 29 02:18:45 UTC 2024 SCRAPE_DATA_SET
* Thu Feb 29 02:19:17 UTC 2024 BUILD_DATA_SET
* Fri Mar  1 02:23:55 UTC 2024 SCRAPE_DATA_SET
* Fri Mar  1 02:24:37 UTC 2024 BUILD_DATA_SET
* Sat Mar  2 02:17:50 UTC 2024 SCRAPE_DATA_SET
* Sat Mar  2 02:18:23 UTC 2024 BUILD_DATA_SET
* Sun Mar  3 02:21:17 UTC 2024 SCRAPE_DATA_SET
* Sun Mar  3 02:21:55 UTC 2024 BUILD_DATA_SET
* Mon Mar  4 02:59:12 UTC 2024 SCRAPE_DATA_SET
* Mon Mar  4 02:59:32 UTC 2024 BUILD_DATA_SET
* Tue Mar  5 02:19:33 UTC 2024 SCRAPE_DATA_SET
* Tue Mar  5 02:20:10 UTC 2024 BUILD_DATA_SET
* Wed Mar  6 02:19:12 UTC 2024 SCRAPE_DATA_SET
* Wed Mar  6 02:19:38 UTC 2024 BUILD_DATA_SET
* Thu Mar  7 02:13:49 UTC 2024 SCRAPE_DATA_SET
* Thu Mar  7 02:15:16 UTC 2024 BUILD_DATA_SET
